CRITICAL - 2022-10-18 09:13:07 --> Invalid file: equipos/editarEquipos.php
in SYSTEMPATH\Exceptions\FrameworkException.php on line 33.
 1 SYSTEMPATH\View\View.php(201): CodeIgniter\Exceptions\FrameworkException::forInvalidFile('equipos/editarEquipos.php')
 2 SYSTEMPATH\Common.php(1142): CodeIgniter\View\View->render('equipos/editarEquipos', [], true)
 3 APPPATH\Controllers\Equipos.php(68): view('equipos/editarEquipos')
 4 SYSTEMPATH\CodeIgniter.php(902): App\Controllers\Equipos->editarEquipos('9')
 5 SYSTEMPATH\CodeIgniter.php(457): CodeIgniter\CodeIgniter->runController(Object(App\Controllers\Equipos))
 6 SYSTEMPATH\CodeIgniter.php(340): CodeIgniter\CodeIgniter->handleRequest(null, Object(Config\Cache), false)
 7 FCPATH\index.php(67): CodeIgniter\CodeIgniter->run()
CRITICAL - 2022-10-18 09:15:48 --> Invalid file: equipos/editarEquipos.php
in SYSTEMPATH\Exceptions\FrameworkException.php on line 33.
 1 SYSTEMPATH\View\View.php(201): CodeIgniter\Exceptions\FrameworkException::forInvalidFile('equipos/editarEquipos.php')
 2 SYSTEMPATH\Common.php(1142): CodeIgniter\View\View->render('equipos/editarEquipos', [], true)
 3 APPPATH\Controllers\Equipos.php(74): view('equipos/editarEquipos', [...])
 4 SYSTEMPATH\CodeIgniter.php(902): App\Controllers\Equipos->editarEquipos('9')
 5 SYSTEMPATH\CodeIgniter.php(457): CodeIgniter\CodeIgniter->runController(Object(App\Controllers\Equipos))
 6 SYSTEMPATH\CodeIgniter.php(340): CodeIgniter\CodeIgniter->handleRequest(null, Object(Config\Cache), false)
 7 FCPATH\index.php(67): CodeIgniter\CodeIgniter->run()
CRITICAL - 2022-10-18 10:06:59 --> The original file is not a valid file.
in SYSTEMPATH\HTTP\Files\UploadedFile.php on line 137.
 1 SYSTEMPATH\HTTP\Files\UploadedFile.php(137): CodeIgniter\HTTP\Exceptions\HTTPException::forInvalidFile()
 2 APPPATH\Controllers\Equipos.php(34): CodeIgniter\HTTP\Files\UploadedFile->move('FCPATH\\uploads', '1666105619_3e0dcf647fe728d7a307')
 3 SYSTEMPATH\CodeIgniter.php(902): App\Controllers\Equipos->guardar()
 4 SYSTEMPATH\CodeIgniter.php(457): CodeIgniter\CodeIgniter->runController(Object(App\Controllers\Equipos))
 5 SYSTEMPATH\CodeIgniter.php(340): CodeIgniter\CodeIgniter->handleRequest(null, Object(Config\Cache), false)
 6 FCPATH\index.php(67): CodeIgniter\CodeIgniter->run()
CRITICAL - 2022-10-18 10:31:04 --> unlink(../public/uploads/): Is a directory
in APPPATH\Controllers\Equipos.php on line 103.
 1 [internal function]: CodeIgniter\Debug\Exceptions->errorHandler(2, 'unlink(../public/uploads/): Is a directory', 'APPPATH\\Controllers\\Equipos.php', 103, [...])
 2 APPPATH\Controllers\Equipos.php(103): unlink('FCPATH\\uploads')
 3 SYSTEMPATH\CodeIgniter.php(902): App\Controllers\Equipos->actualizarEquipo()
 4 SYSTEMPATH\CodeIgniter.php(457): CodeIgniter\CodeIgniter->runController(Object(App\Controllers\Equipos))
 5 SYSTEMPATH\CodeIgniter.php(340): CodeIgniter\CodeIgniter->handleRequest(null, Object(Config\Cache), false)
 6 FCPATH\index.php(67): CodeIgniter\CodeIgniter->run()
CRITICAL - 2022-10-18 10:33:56 --> unlink(../public/uploads/): Is a directory
in APPPATH\Controllers\Equipos.php on line 103.
 1 [internal function]: CodeIgniter\Debug\Exceptions->errorHandler(2, 'unlink(../public/uploads/): Is a directory', 'APPPATH\\Controllers\\Equipos.php', 103, [...])
 2 APPPATH\Controllers\Equipos.php(103): unlink('FCPATH\\uploads')
 3 SYSTEMPATH\CodeIgniter.php(902): App\Controllers\Equipos->actualizarEquipo()
 4 SYSTEMPATH\CodeIgniter.php(457): CodeIgniter\CodeIgniter->runController(Object(App\Controllers\Equipos))
 5 SYSTEMPATH\CodeIgniter.php(340): CodeIgniter\CodeIgniter->handleRequest(null, Object(Config\Cache), false)
 6 FCPATH\index.php(67): CodeIgniter\CodeIgniter->run()
CRITICAL - 2022-10-18 10:35:35 --> unlink(../public/uploads/): Is a directory
in APPPATH\Controllers\Equipos.php on line 103.
 1 [internal function]: CodeIgniter\Debug\Exceptions->errorHandler(2, 'unlink(../public/uploads/): Is a directory', 'APPPATH\\Controllers\\Equipos.php', 103, [...])
 2 APPPATH\Controllers\Equipos.php(103): unlink('FCPATH\\uploads')
 3 SYSTEMPATH\CodeIgniter.php(902): App\Controllers\Equipos->actualizarEquipo()
 4 SYSTEMPATH\CodeIgniter.php(457): CodeIgniter\CodeIgniter->runController(Object(App\Controllers\Equipos))
 5 SYSTEMPATH\CodeIgniter.php(340): CodeIgniter\CodeIgniter->handleRequest(null, Object(Config\Cache), false)
 6 FCPATH\index.php(67): CodeIgniter\CodeIgniter->run()
CRITICAL - 2022-10-18 10:35:50 --> unlink(../public/uploads/): Is a directory
in APPPATH\Controllers\Equipos.php on line 103.
 1 [internal function]: CodeIgniter\Debug\Exceptions->errorHandler(2, 'unlink(../public/uploads/): Is a directory', 'APPPATH\\Controllers\\Equipos.php', 103, [...])
 2 APPPATH\Controllers\Equipos.php(103): unlink('FCPATH\\uploads')
 3 SYSTEMPATH\CodeIgniter.php(902): App\Controllers\Equipos->actualizarEquipo()
 4 SYSTEMPATH\CodeIgniter.php(457): CodeIgniter\CodeIgniter->runController(Object(App\Controllers\Equipos))
 5 SYSTEMPATH\CodeIgniter.php(340): CodeIgniter\CodeIgniter->handleRequest(null, Object(Config\Cache), false)
 6 FCPATH\index.php(67): CodeIgniter\CodeIgniter->run()
CRITICAL - 2022-10-18 10:35:56 --> unlink(../public/uploads/): Is a directory
in APPPATH\Controllers\Equipos.php on line 103.
 1 [internal function]: CodeIgniter\Debug\Exceptions->errorHandler(2, 'unlink(../public/uploads/): Is a directory', 'APPPATH\\Controllers\\Equipos.php', 103, [...])
 2 APPPATH\Controllers\Equipos.php(103): unlink('FCPATH\\uploads')
 3 SYSTEMPATH\CodeIgniter.php(902): App\Controllers\Equipos->actualizarEquipo()
 4 SYSTEMPATH\CodeIgniter.php(457): CodeIgniter\CodeIgniter->runController(Object(App\Controllers\Equipos))
 5 SYSTEMPATH\CodeIgniter.php(340): CodeIgniter\CodeIgniter->handleRequest(null, Object(Config\Cache), false)
 6 FCPATH\index.php(67): CodeIgniter\CodeIgniter->run()
CRITICAL - 2022-10-18 10:46:02 --> unlink(../public/uploads/): Is a directory
in APPPATH\Controllers\Equipos.php on line 104.
 1 [internal function]: CodeIgniter\Debug\Exceptions->errorHandler(2, 'unlink(../public/uploads/): Is a directory', 'APPPATH\\Controllers\\Equipos.php', 104, [...])
 2 APPPATH\Controllers\Equipos.php(104): unlink('FCPATH\\uploads')
 3 SYSTEMPATH\CodeIgniter.php(902): App\Controllers\Equipos->actualizarEquipo()
 4 SYSTEMPATH\CodeIgniter.php(457): CodeIgniter\CodeIgniter->runController(Object(App\Controllers\Equipos))
 5 SYSTEMPATH\CodeIgniter.php(340): CodeIgniter\CodeIgniter->handleRequest(null, Object(Config\Cache), false)
 6 FCPATH\index.php(67): CodeIgniter\CodeIgniter->run()
CRITICAL - 2022-10-18 10:51:25 --> unlink(../public/uploads/): Is a directory
in APPPATH\Controllers\Equipos.php on line 104.
 1 [internal function]: CodeIgniter\Debug\Exceptions->errorHandler(2, 'unlink(../public/uploads/): Is a directory', 'APPPATH\\Controllers\\Equipos.php', 104, [...])
 2 APPPATH\Controllers\Equipos.php(104): unlink('FCPATH\\uploads')
 3 SYSTEMPATH\CodeIgniter.php(902): App\Controllers\Equipos->actualizarEquipo()
 4 SYSTEMPATH\CodeIgniter.php(457): CodeIgniter\CodeIgniter->runController(Object(App\Controllers\Equipos))
 5 SYSTEMPATH\CodeIgniter.php(340): CodeIgniter\CodeIgniter->handleRequest(null, Object(Config\Cache), false)
 6 FCPATH\index.php(67): CodeIgniter\CodeIgniter->run()
CRITICAL - 2022-10-18 10:54:15 --> unlink(../public/uploads/): Is a directory
in APPPATH\Controllers\Equipos.php on line 104.
 1 [internal function]: CodeIgniter\Debug\Exceptions->errorHandler(2, 'unlink(../public/uploads/): Is a directory', 'APPPATH\\Controllers\\Equipos.php', 104, [...])
 2 APPPATH\Controllers\Equipos.php(104): unlink('FCPATH\\uploads')
 3 SYSTEMPATH\CodeIgniter.php(902): App\Controllers\Equipos->actualizarEquipo()
 4 SYSTEMPATH\CodeIgniter.php(457): CodeIgniter\CodeIgniter->runController(Object(App\Controllers\Equipos))
 5 SYSTEMPATH\CodeIgniter.php(340): CodeIgniter\CodeIgniter->handleRequest(null, Object(Config\Cache), false)
 6 FCPATH\index.php(67): CodeIgniter\CodeIgniter->run()
CRITICAL - 2022-10-18 11:26:51 --> The original file is not a valid file.
in SYSTEMPATH\HTTP\Files\UploadedFile.php on line 137.
 1 SYSTEMPATH\HTTP\Files\UploadedFile.php(137): CodeIgniter\HTTP\Exceptions\HTTPException::forInvalidFile()
 2 APPPATH\Controllers\Equipos.php(60): CodeIgniter\HTTP\Files\UploadedFile->move('FCPATH\\uploads', '1666110411_e4c907bb3dd825a3a929')
 3 SYSTEMPATH\CodeIgniter.php(902): App\Controllers\Equipos->guardar()
 4 SYSTEMPATH\CodeIgniter.php(457): CodeIgniter\CodeIgniter->runController(Object(App\Controllers\Equipos))
 5 SYSTEMPATH\CodeIgniter.php(340): CodeIgniter\CodeIgniter->handleRequest(null, Object(Config\Cache), false)
 6 FCPATH\index.php(67): CodeIgniter\CodeIgniter->run()
CRITICAL - 2022-10-18 11:26:59 --> The original file is not a valid file.
in SYSTEMPATH\HTTP\Files\UploadedFile.php on line 137.
 1 SYSTEMPATH\HTTP\Files\UploadedFile.php(137): CodeIgniter\HTTP\Exceptions\HTTPException::forInvalidFile()
 2 APPPATH\Controllers\Equipos.php(60): CodeIgniter\HTTP\Files\UploadedFile->move('FCPATH\\uploads', '1666110419_b40fdfa366a2b9c45aa1')
 3 SYSTEMPATH\CodeIgniter.php(902): App\Controllers\Equipos->guardar()
 4 SYSTEMPATH\CodeIgniter.php(457): CodeIgniter\CodeIgniter->runController(Object(App\Controllers\Equipos))
 5 SYSTEMPATH\CodeIgniter.php(340): CodeIgniter\CodeIgniter->handleRequest(null, Object(Config\Cache), false)
 6 FCPATH\index.php(67): CodeIgniter\CodeIgniter->run()
CRITICAL - 2022-10-18 11:30:22 --> The original file is not a valid file.
in SYSTEMPATH\HTTP\Files\UploadedFile.php on line 137.
 1 SYSTEMPATH\HTTP\Files\UploadedFile.php(137): CodeIgniter\HTTP\Exceptions\HTTPException::forInvalidFile()
 2 APPPATH\Controllers\Equipos.php(47): CodeIgniter\HTTP\Files\UploadedFile->move('FCPATH\\uploads', '1666110622_7f04d219632542a8aefd')
 3 SYSTEMPATH\CodeIgniter.php(902): App\Controllers\Equipos->guardar()
 4 SYSTEMPATH\CodeIgniter.php(457): CodeIgniter\CodeIgniter->runController(Object(App\Controllers\Equipos))
 5 SYSTEMPATH\CodeIgniter.php(340): CodeIgniter\CodeIgniter->handleRequest(null, Object(Config\Cache), false)
 6 FCPATH\index.php(67): CodeIgniter\CodeIgniter->run()
CRITICAL - 2022-10-18 12:36:34 --> syntax error, unexpected '/'
in APPPATH\Views\jugadores\listarJugadores.php on line 18.
 1 SYSTEMPATH\View\View.php(216): CodeIgniter\View\View->CodeIgniter\View\{closure}()
 2 SYSTEMPATH\Common.php(1142): CodeIgniter\View\View->render('jugadores/listarJugadores', [], true)
 3 APPPATH\Controllers\Jugadores.php(14): view('jugadores/listarJugadores', [...])
 4 SYSTEMPATH\CodeIgniter.php(902): App\Controllers\Jugadores->index()
 5 SYSTEMPATH\CodeIgniter.php(457): CodeIgniter\CodeIgniter->runController(Object(App\Controllers\Jugadores))
 6 SYSTEMPATH\CodeIgniter.php(340): CodeIgniter\CodeIgniter->handleRequest(null, Object(Config\Cache), false)
 7 FCPATH\index.php(67): CodeIgniter\CodeIgniter->run()
CRITICAL - 2022-10-18 13:15:19 --> Invalid argument supplied for foreach()
in APPPATH\Views\jugadores\crearJugador.php on line 32.
 1 APPPATH\Views\jugadores\crearJugador.php(32): CodeIgniter\Debug\Exceptions->errorHandler(2, 'Invalid argument supplied for foreach()', 'APPPATH\\Views\\jugadores\\crearJugador.php', 32, [...])
 2 SYSTEMPATH\View\View.php(213): include('APPPATH\\Views\\jugadores\\crearJugador.php')
 3 SYSTEMPATH\View\View.php(216): CodeIgniter\View\View->CodeIgniter\View\{closure}()
 4 SYSTEMPATH\Common.php(1142): CodeIgniter\View\View->render('jugadores/crearJugador', [], true)
 5 APPPATH\Controllers\Jugadores.php(24): view('jugadores/crearJugador', [...])
 6 SYSTEMPATH\CodeIgniter.php(902): App\Controllers\Jugadores->crearJugador()
 7 SYSTEMPATH\CodeIgniter.php(457): CodeIgniter\CodeIgniter->runController(Object(App\Controllers\Jugadores))
 8 SYSTEMPATH\CodeIgniter.php(340): CodeIgniter\CodeIgniter->handleRequest(null, Object(Config\Cache), false)
 9 FCPATH\index.php(67): CodeIgniter\CodeIgniter->run()
CRITICAL - 2022-10-18 13:17:09 --> Invalid argument supplied for foreach()
in APPPATH\Views\jugadores\crearJugador.php on line 32.
 1 APPPATH\Views\jugadores\crearJugador.php(32): CodeIgniter\Debug\Exceptions->errorHandler(2, 'Invalid argument supplied for foreach()', 'APPPATH\\Views\\jugadores\\crearJugador.php', 32, [...])
 2 SYSTEMPATH\View\View.php(213): include('APPPATH\\Views\\jugadores\\crearJugador.php')
 3 SYSTEMPATH\View\View.php(216): CodeIgniter\View\View->CodeIgniter\View\{closure}()
 4 SYSTEMPATH\Common.php(1142): CodeIgniter\View\View->render('jugadores/crearJugador', [], true)
 5 APPPATH\Controllers\Jugadores.php(26): view('jugadores/crearJugador', [...])
 6 SYSTEMPATH\CodeIgniter.php(902): App\Controllers\Jugadores->crearJugador()
 7 SYSTEMPATH\CodeIgniter.php(457): CodeIgniter\CodeIgniter->runController(Object(App\Controllers\Jugadores))
 8 SYSTEMPATH\CodeIgniter.php(340): CodeIgniter\CodeIgniter->handleRequest(null, Object(Config\Cache), false)
 9 FCPATH\index.php(67): CodeIgniter\CodeIgniter->run()
CRITICAL - 2022-10-18 13:17:10 --> Invalid argument supplied for foreach()
in APPPATH\Views\jugadores\crearJugador.php on line 32.
 1 APPPATH\Views\jugadores\crearJugador.php(32): CodeIgniter\Debug\Exceptions->errorHandler(2, 'Invalid argument supplied for foreach()', 'APPPATH\\Views\\jugadores\\crearJugador.php', 32, [...])
 2 SYSTEMPATH\View\View.php(213): include('APPPATH\\Views\\jugadores\\crearJugador.php')
 3 SYSTEMPATH\View\View.php(216): CodeIgniter\View\View->CodeIgniter\View\{closure}()
 4 SYSTEMPATH\Common.php(1142): CodeIgniter\View\View->render('jugadores/crearJugador', [], true)
 5 APPPATH\Controllers\Jugadores.php(26): view('jugadores/crearJugador', [...])
 6 SYSTEMPATH\CodeIgniter.php(902): App\Controllers\Jugadores->crearJugador()
 7 SYSTEMPATH\CodeIgniter.php(457): CodeIgniter\CodeIgniter->runController(Object(App\Controllers\Jugadores))
 8 SYSTEMPATH\CodeIgniter.php(340): CodeIgniter\CodeIgniter->handleRequest(null, Object(Config\Cache), false)
 9 FCPATH\index.php(67): CodeIgniter\CodeIgniter->run()
CRITICAL - 2022-10-18 13:17:11 --> Class 'App\Controllers\Eqruipo' not found
in APPPATH\Controllers\Jugadores.php on line 12.
 1 SYSTEMPATH\CodeIgniter.php(902): App\Controllers\Jugadores->index()
 2 SYSTEMPATH\CodeIgniter.php(457): CodeIgniter\CodeIgniter->runController(Object(App\Controllers\Jugadores))
 3 SYSTEMPATH\CodeIgniter.php(340): CodeIgniter\CodeIgniter->handleRequest(null, Object(Config\Cache), false)
 4 FCPATH\index.php(67): CodeIgniter\CodeIgniter->run()
CRITICAL - 2022-10-18 13:17:16 --> Class 'App\Controllers\Eqruipo' not found
in APPPATH\Controllers\Jugadores.php on line 12.
 1 SYSTEMPATH\CodeIgniter.php(902): App\Controllers\Jugadores->index()
 2 SYSTEMPATH\CodeIgniter.php(457): CodeIgniter\CodeIgniter->runController(Object(App\Controllers\Jugadores))
 3 SYSTEMPATH\CodeIgniter.php(340): CodeIgniter\CodeIgniter->handleRequest(null, Object(Config\Cache), false)
 4 FCPATH\index.php(67): CodeIgniter\CodeIgniter->run()
CRITICAL - 2022-10-18 13:17:17 --> Class 'App\Controllers\Eqruipo' not found
in APPPATH\Controllers\Jugadores.php on line 12.
 1 SYSTEMPATH\CodeIgniter.php(902): App\Controllers\Jugadores->index()
 2 SYSTEMPATH\CodeIgniter.php(457): CodeIgniter\CodeIgniter->runController(Object(App\Controllers\Jugadores))
 3 SYSTEMPATH\CodeIgniter.php(340): CodeIgniter\CodeIgniter->handleRequest(null, Object(Config\Cache), false)
 4 FCPATH\index.php(67): CodeIgniter\CodeIgniter->run()
CRITICAL - 2022-10-18 13:17:23 --> Invalid argument supplied for foreach()
in APPPATH\Views\jugadores\crearJugador.php on line 32.
 1 APPPATH\Views\jugadores\crearJugador.php(32): CodeIgniter\Debug\Exceptions->errorHandler(2, 'Invalid argument supplied for foreach()', 'APPPATH\\Views\\jugadores\\crearJugador.php', 32, [...])
 2 SYSTEMPATH\View\View.php(213): include('APPPATH\\Views\\jugadores\\crearJugador.php')
 3 SYSTEMPATH\View\View.php(216): CodeIgniter\View\View->CodeIgniter\View\{closure}()
 4 SYSTEMPATH\Common.php(1142): CodeIgniter\View\View->render('jugadores/crearJugador', [], true)
 5 APPPATH\Controllers\Jugadores.php(26): view('jugadores/crearJugador', [...])
 6 SYSTEMPATH\CodeIgniter.php(902): App\Controllers\Jugadores->crearJugador()
 7 SYSTEMPATH\CodeIgniter.php(457): CodeIgniter\CodeIgniter->runController(Object(App\Controllers\Jugadores))
 8 SYSTEMPATH\CodeIgniter.php(340): CodeIgniter\CodeIgniter->handleRequest(null, Object(Config\Cache), false)
 9 FCPATH\index.php(67): CodeIgniter\CodeIgniter->run()
CRITICAL - 2022-10-18 13:52:53 --> Invalid argument supplied for foreach()
in APPPATH\Views\equipos\listarEquipos.php on line 17.
 1 APPPATH\Views\equipos\listarEquipos.php(17): CodeIgniter\Debug\Exceptions->errorHandler(2, 'Invalid argument supplied for foreach()', 'APPPATH\\Views\\equipos\\listarEquipos.php', 17, [])
 2 SYSTEMPATH\View\View.php(213): include('APPPATH\\Views\\equipos\\listarEquipos.php')
 3 SYSTEMPATH\View\View.php(216): CodeIgniter\View\View->CodeIgniter\View\{closure}()
 4 SYSTEMPATH\Common.php(1142): CodeIgniter\View\View->render('equipos/listarEquipos', [], true)
 5 APPPATH\Controllers\Home.php(9): view('equipos/listarEquipos')
 6 SYSTEMPATH\CodeIgniter.php(902): App\Controllers\Home->index()
 7 SYSTEMPATH\CodeIgniter.php(457): CodeIgniter\CodeIgniter->runController(Object(App\Controllers\Home))
 8 SYSTEMPATH\CodeIgniter.php(340): CodeIgniter\CodeIgniter->handleRequest(null, Object(Config\Cache), false)
 9 FCPATH\index.php(67): CodeIgniter\CodeIgniter->run()
CRITICAL - 2022-10-18 13:53:07 --> Invalid argument supplied for foreach()
in APPPATH\Views\equipos\listarEquipos.php on line 17.
 1 APPPATH\Views\equipos\listarEquipos.php(17): CodeIgniter\Debug\Exceptions->errorHandler(2, 'Invalid argument supplied for foreach()', 'APPPATH\\Views\\equipos\\listarEquipos.php', 17, [])
 2 SYSTEMPATH\View\View.php(213): include('APPPATH\\Views\\equipos\\listarEquipos.php')
 3 SYSTEMPATH\View\View.php(216): CodeIgniter\View\View->CodeIgniter\View\{closure}()
 4 SYSTEMPATH\Common.php(1142): CodeIgniter\View\View->render('equipos/listarEquipos', [], true)
 5 APPPATH\Controllers\Home.php(9): view('equipos/listarEquipos')
 6 SYSTEMPATH\CodeIgniter.php(902): App\Controllers\Home->index()
 7 SYSTEMPATH\CodeIgniter.php(457): CodeIgniter\CodeIgniter->runController(Object(App\Controllers\Home))
 8 SYSTEMPATH\CodeIgniter.php(340): CodeIgniter\CodeIgniter->handleRequest(null, Object(Config\Cache), false)
 9 FCPATH\index.php(67): CodeIgniter\CodeIgniter->run()
CRITICAL - 2022-10-18 13:53:19 --> Invalid argument supplied for foreach()
in APPPATH\Views\equipos\listarEquipos.php on line 17.
 1 APPPATH\Views\equipos\listarEquipos.php(17): CodeIgniter\Debug\Exceptions->errorHandler(2, 'Invalid argument supplied for foreach()', 'APPPATH\\Views\\equipos\\listarEquipos.php', 17, [])
 2 SYSTEMPATH\View\View.php(213): include('APPPATH\\Views\\equipos\\listarEquipos.php')
 3 SYSTEMPATH\View\View.php(216): CodeIgniter\View\View->CodeIgniter\View\{closure}()
 4 SYSTEMPATH\Common.php(1142): CodeIgniter\View\View->render('equipos/listarEquipos', [], true)
 5 APPPATH\Controllers\Home.php(9): view('equipos/listarEquipos')
 6 SYSTEMPATH\CodeIgniter.php(902): App\Controllers\Home->index()
 7 SYSTEMPATH\CodeIgniter.php(457): CodeIgniter\CodeIgniter->runController(Object(App\Controllers\Home))
 8 SYSTEMPATH\CodeIgniter.php(340): CodeIgniter\CodeIgniter->handleRequest(null, Object(Config\Cache), false)
 9 FCPATH\index.php(67): CodeIgniter\CodeIgniter->run()
CRITICAL - 2022-10-18 13:53:22 --> Invalid argument supplied for foreach()
in APPPATH\Views\equipos\listarEquipos.php on line 17.
 1 APPPATH\Views\equipos\listarEquipos.php(17): CodeIgniter\Debug\Exceptions->errorHandler(2, 'Invalid argument supplied for foreach()', 'APPPATH\\Views\\equipos\\listarEquipos.php', 17, [])
 2 SYSTEMPATH\View\View.php(213): include('APPPATH\\Views\\equipos\\listarEquipos.php')
 3 SYSTEMPATH\View\View.php(216): CodeIgniter\View\View->CodeIgniter\View\{closure}()
 4 SYSTEMPATH\Common.php(1142): CodeIgniter\View\View->render('equipos/listarEquipos', [], true)
 5 APPPATH\Controllers\Home.php(9): view('equipos/listarEquipos')
 6 SYSTEMPATH\CodeIgniter.php(902): App\Controllers\Home->index()
 7 SYSTEMPATH\CodeIgniter.php(457): CodeIgniter\CodeIgniter->runController(Object(App\Controllers\Home))
 8 SYSTEMPATH\CodeIgniter.php(340): CodeIgniter\CodeIgniter->handleRequest(null, Object(Config\Cache), false)
 9 FCPATH\index.php(67): CodeIgniter\CodeIgniter->run()
CRITICAL - 2022-10-18 13:57:08 --> Call to a member function insert() on null
in APPPATH\Controllers\Jugadores.php on line 64.
 1 SYSTEMPATH\CodeIgniter.php(902): App\Controllers\Jugadores->guardarJugador()
 2 SYSTEMPATH\CodeIgniter.php(457): CodeIgniter\CodeIgniter->runController(Object(App\Controllers\Jugadores))
 3 SYSTEMPATH\CodeIgniter.php(340): CodeIgniter\CodeIgniter->handleRequest(null, Object(Config\Cache), false)
 4 FCPATH\index.php(67): CodeIgniter\CodeIgniter->run()
ERROR - 2022-10-18 13:57:23 --> mysqli_sql_exception: Cannot add or update a child row: a foreign key constraint fails (`fut_umg`.`player`, CONSTRAINT `team_id` FOREIGN KEY (`team_id`) REFERENCES `equipo` (`team_id`) ON DELETE NO ACTION ON UPDATE NO ACTION) in C:\wamp64\www\umg_fut\system\Database\MySQLi\Connection.php:292
Stack trace:
#0 C:\wamp64\www\umg_fut\system\Database\MySQLi\Connection.php(292): mysqli->query('INSERT INTO `pl...', 0)
#1 C:\wamp64\www\umg_fut\system\Database\BaseConnection.php(693): CodeIgniter\Database\MySQLi\Connection->execute('INSERT INTO `pl...')
#2 C:\wamp64\www\umg_fut\system\Database\BaseConnection.php(620): CodeIgniter\Database\BaseConnection->simpleQuery('INSERT INTO `pl...')
#3 C:\wamp64\www\umg_fut\system\Database\BaseBuilder.php(1916): CodeIgniter\Database\BaseConnection->query('INSERT INTO `pl...', Array, false)
#4 C:\wamp64\www\umg_fut\system\Model.php(279): CodeIgniter\Database\BaseBuilder->insert()
#5 C:\wamp64\www\umg_fut\system\BaseModel.php(748): CodeIgniter\Model->doInsert(Array)
#6 C:\wamp64\www\umg_fut\system\Model.php(667): CodeIgniter\BaseModel->insert(Array, true)
#7 C:\wamp64\www\umg_fut\app\Controllers\Jugadores.php(64): CodeIgniter\Model->insert(Array)
#8 C:\wamp64\www\umg_fut\system\CodeIgniter.php(902): App\Controllers\Jugadores->guardarJugador()
#9 C:\wamp64\www\umg_fut\system\CodeIgniter.php(457): CodeIgniter\CodeIgniter->runController(Object(App\Controllers\Jugadores))
#10 C:\wamp64\www\umg_fut\system\CodeIgniter.php(340): CodeIgniter\CodeIgniter->handleRequest(NULL, Object(Config\Cache), false)
#11 C:\wamp64\www\umg_fut\public\index.php(67): CodeIgniter\CodeIgniter->run()
#12 {main}
ERROR - 2022-10-18 13:58:21 --> mysqli_sql_exception: Cannot add or update a child row: a foreign key constraint fails (`fut_umg`.`player`, CONSTRAINT `team_id` FOREIGN KEY (`team_id`) REFERENCES `equipo` (`team_id`) ON DELETE NO ACTION ON UPDATE NO ACTION) in C:\wamp64\www\umg_fut\system\Database\MySQLi\Connection.php:292
Stack trace:
#0 C:\wamp64\www\umg_fut\system\Database\MySQLi\Connection.php(292): mysqli->query('INSERT INTO `pl...', 0)
#1 C:\wamp64\www\umg_fut\system\Database\BaseConnection.php(693): CodeIgniter\Database\MySQLi\Connection->execute('INSERT INTO `pl...')
#2 C:\wamp64\www\umg_fut\system\Database\BaseConnection.php(620): CodeIgniter\Database\BaseConnection->simpleQuery('INSERT INTO `pl...')
#3 C:\wamp64\www\umg_fut\system\Database\BaseBuilder.php(1916): CodeIgniter\Database\BaseConnection->query('INSERT INTO `pl...', Array, false)
#4 C:\wamp64\www\umg_fut\system\Model.php(279): CodeIgniter\Database\BaseBuilder->insert()
#5 C:\wamp64\www\umg_fut\system\BaseModel.php(748): CodeIgniter\Model->doInsert(Array)
#6 C:\wamp64\www\umg_fut\system\Model.php(667): CodeIgniter\BaseModel->insert(Array, true)
#7 C:\wamp64\www\umg_fut\app\Controllers\Jugadores.php(64): CodeIgniter\Model->insert(Array)
#8 C:\wamp64\www\umg_fut\system\CodeIgniter.php(902): App\Controllers\Jugadores->guardarJugador()
#9 C:\wamp64\www\umg_fut\system\CodeIgniter.php(457): CodeIgniter\CodeIgniter->runController(Object(App\Controllers\Jugadores))
#10 C:\wamp64\www\umg_fut\system\CodeIgniter.php(340): CodeIgniter\CodeIgniter->handleRequest(NULL, Object(Config\Cache), false)
#11 C:\wamp64\www\umg_fut\public\index.php(67): CodeIgniter\CodeIgniter->run()
#12 {main}
ERROR - 2022-10-18 13:58:35 --> mysqli_sql_exception: Cannot add or update a child row: a foreign key constraint fails (`fut_umg`.`player`, CONSTRAINT `team_id` FOREIGN KEY (`team_id`) REFERENCES `equipo` (`team_id`) ON DELETE NO ACTION ON UPDATE NO ACTION) in C:\wamp64\www\umg_fut\system\Database\MySQLi\Connection.php:292
Stack trace:
#0 C:\wamp64\www\umg_fut\system\Database\MySQLi\Connection.php(292): mysqli->query('INSERT INTO `pl...', 0)
#1 C:\wamp64\www\umg_fut\system\Database\BaseConnection.php(693): CodeIgniter\Database\MySQLi\Connection->execute('INSERT INTO `pl...')
#2 C:\wamp64\www\umg_fut\system\Database\BaseConnection.php(620): CodeIgniter\Database\BaseConnection->simpleQuery('INSERT INTO `pl...')
#3 C:\wamp64\www\umg_fut\system\Database\BaseBuilder.php(1916): CodeIgniter\Database\BaseConnection->query('INSERT INTO `pl...', Array, false)
#4 C:\wamp64\www\umg_fut\system\Model.php(279): CodeIgniter\Database\BaseBuilder->insert()
#5 C:\wamp64\www\umg_fut\system\BaseModel.php(748): CodeIgniter\Model->doInsert(Array)
#6 C:\wamp64\www\umg_fut\system\Model.php(667): CodeIgniter\BaseModel->insert(Array, true)
#7 C:\wamp64\www\umg_fut\app\Controllers\Jugadores.php(64): CodeIgniter\Model->insert(Array)
#8 C:\wamp64\www\umg_fut\system\CodeIgniter.php(902): App\Controllers\Jugadores->guardarJugador()
#9 C:\wamp64\www\umg_fut\system\CodeIgniter.php(457): CodeIgniter\CodeIgniter->runController(Object(App\Controllers\Jugadores))
#10 C:\wamp64\www\umg_fut\system\CodeIgniter.php(340): CodeIgniter\CodeIgniter->handleRequest(NULL, Object(Config\Cache), false)
#11 C:\wamp64\www\umg_fut\public\index.php(67): CodeIgniter\CodeIgniter->run()
#12 {main}
ERROR - 2022-10-18 14:02:04 --> mysqli_sql_exception: Column 'team_id' cannot be null in C:\wamp64\www\umg_fut\system\Database\MySQLi\Connection.php:292
Stack trace:
#0 C:\wamp64\www\umg_fut\system\Database\MySQLi\Connection.php(292): mysqli->query('INSERT INTO `pl...', 0)
#1 C:\wamp64\www\umg_fut\system\Database\BaseConnection.php(693): CodeIgniter\Database\MySQLi\Connection->execute('INSERT INTO `pl...')
#2 C:\wamp64\www\umg_fut\system\Database\BaseConnection.php(620): CodeIgniter\Database\BaseConnection->simpleQuery('INSERT INTO `pl...')
#3 C:\wamp64\www\umg_fut\system\Database\BaseBuilder.php(1916): CodeIgniter\Database\BaseConnection->query('INSERT INTO `pl...', Array, false)
#4 C:\wamp64\www\umg_fut\system\Model.php(279): CodeIgniter\Database\BaseBuilder->insert()
#5 C:\wamp64\www\umg_fut\system\BaseModel.php(748): CodeIgniter\Model->doInsert(Array)
#6 C:\wamp64\www\umg_fut\system\Model.php(667): CodeIgniter\BaseModel->insert(Array, true)
#7 C:\wamp64\www\umg_fut\app\Controllers\Jugadores.php(64): CodeIgniter\Model->insert(Array)
#8 C:\wamp64\www\umg_fut\system\CodeIgniter.php(902): App\Controllers\Jugadores->guardarJugador()
#9 C:\wamp64\www\umg_fut\system\CodeIgniter.php(457): CodeIgniter\CodeIgniter->runController(Object(App\Controllers\Jugadores))
#10 C:\wamp64\www\umg_fut\system\CodeIgniter.php(340): CodeIgniter\CodeIgniter->handleRequest(NULL, Object(Config\Cache), false)
#11 C:\wamp64\www\umg_fut\public\index.php(67): CodeIgniter\CodeIgniter->run()
#12 {main}
ERROR - 2022-10-18 14:02:43 --> mysqli_sql_exception: Cannot add or update a child row: a foreign key constraint fails (`fut_umg`.`player`, CONSTRAINT `team_id` FOREIGN KEY (`team_id`) REFERENCES `equipo` (`team_id`) ON DELETE NO ACTION ON UPDATE NO ACTION) in C:\wamp64\www\umg_fut\system\Database\MySQLi\Connection.php:292
Stack trace:
#0 C:\wamp64\www\umg_fut\system\Database\MySQLi\Connection.php(292): mysqli->query('INSERT INTO `pl...', 0)
#1 C:\wamp64\www\umg_fut\system\Database\BaseConnection.php(693): CodeIgniter\Database\MySQLi\Connection->execute('INSERT INTO `pl...')
#2 C:\wamp64\www\umg_fut\system\Database\BaseConnection.php(620): CodeIgniter\Database\BaseConnection->simpleQuery('INSERT INTO `pl...')
#3 C:\wamp64\www\umg_fut\system\Database\BaseBuilder.php(1916): CodeIgniter\Database\BaseConnection->query('INSERT INTO `pl...', Array, false)
#4 C:\wamp64\www\umg_fut\system\Model.php(279): CodeIgniter\Database\BaseBuilder->insert()
#5 C:\wamp64\www\umg_fut\system\BaseModel.php(748): CodeIgniter\Model->doInsert(Array)
#6 C:\wamp64\www\umg_fut\system\Model.php(667): CodeIgniter\BaseModel->insert(Array, true)
#7 C:\wamp64\www\umg_fut\app\Controllers\Jugadores.php(64): CodeIgniter\Model->insert(Array)
#8 C:\wamp64\www\umg_fut\system\CodeIgniter.php(902): App\Controllers\Jugadores->guardarJugador()
#9 C:\wamp64\www\umg_fut\system\CodeIgniter.php(457): CodeIgniter\CodeIgniter->runController(Object(App\Controllers\Jugadores))
#10 C:\wamp64\www\umg_fut\system\CodeIgniter.php(340): CodeIgniter\CodeIgniter->handleRequest(NULL, Object(Config\Cache), false)
#11 C:\wamp64\www\umg_fut\public\index.php(67): CodeIgniter\CodeIgniter->run()
#12 {main}
ERROR - 2022-10-18 15:27:11 --> mysqli_sql_exception: Cannot add or update a child row: a foreign key constraint fails (`fut_umg`.`player`, CONSTRAINT `team_id` FOREIGN KEY (`team_id`) REFERENCES `equipo` (`team_id`) ON DELETE NO ACTION ON UPDATE NO ACTION) in C:\wamp64\www\umg_fut\system\Database\MySQLi\Connection.php:292
Stack trace:
#0 C:\wamp64\www\umg_fut\system\Database\MySQLi\Connection.php(292): mysqli->query('INSERT INTO `pl...', 0)
#1 C:\wamp64\www\umg_fut\system\Database\BaseConnection.php(693): CodeIgniter\Database\MySQLi\Connection->execute('INSERT INTO `pl...')
#2 C:\wamp64\www\umg_fut\system\Database\BaseConnection.php(620): CodeIgniter\Database\BaseConnection->simpleQuery('INSERT INTO `pl...')
#3 C:\wamp64\www\umg_fut\system\Database\BaseBuilder.php(1916): CodeIgniter\Database\BaseConnection->query('INSERT INTO `pl...', Array, false)
#4 C:\wamp64\www\umg_fut\system\Model.php(279): CodeIgniter\Database\BaseBuilder->insert()
#5 C:\wamp64\www\umg_fut\system\BaseModel.php(748): CodeIgniter\Model->doInsert(Array)
#6 C:\wamp64\www\umg_fut\system\Model.php(667): CodeIgniter\BaseModel->insert(Array, true)
#7 C:\wamp64\www\umg_fut\app\Controllers\Jugadores.php(64): CodeIgniter\Model->insert(Array)
#8 C:\wamp64\www\umg_fut\system\CodeIgniter.php(902): App\Controllers\Jugadores->guardarJugador()
#9 C:\wamp64\www\umg_fut\system\CodeIgniter.php(457): CodeIgniter\CodeIgniter->runController(Object(App\Controllers\Jugadores))
#10 C:\wamp64\www\umg_fut\system\CodeIgniter.php(340): CodeIgniter\CodeIgniter->handleRequest(NULL, Object(Config\Cache), false)
#11 C:\wamp64\www\umg_fut\public\index.php(67): CodeIgniter\CodeIgniter->run()
#12 {main}
CRITICAL - 2022-10-18 16:13:58 --> unlink(../public/uploads/image.jpg): No such file or directory
in APPPATH\Controllers\Jugadores.php on line 76.
 1 [internal function]: CodeIgniter\Debug\Exceptions->errorHandler(2, 'unlink(../public/uploads/image.jpg): No such file or directory', 'APPPATH\\Controllers\\Jugadores.php', 76, [...])
 2 APPPATH\Controllers\Jugadores.php(76): unlink('../public/uploads/image.jpg')
 3 SYSTEMPATH\CodeIgniter.php(902): App\Controllers\Jugadores->borrarJugador('1')
 4 SYSTEMPATH\CodeIgniter.php(457): CodeIgniter\CodeIgniter->runController(Object(App\Controllers\Jugadores))
 5 SYSTEMPATH\CodeIgniter.php(340): CodeIgniter\CodeIgniter->handleRequest(null, Object(Config\Cache), false)
 6 FCPATH\index.php(67): CodeIgniter\CodeIgniter->run()
CRITICAL - 2022-10-18 16:14:52 --> unlink(../public/uploads/Juventus): No such file or directory
in APPPATH\Controllers\Equipos.php on line 74.
 1 [internal function]: CodeIgniter\Debug\Exceptions->errorHandler(2, 'unlink(../public/uploads/Juventus): No such file or directory', 'APPPATH\\Controllers\\Equipos.php', 74, [...])
 2 APPPATH\Controllers\Equipos.php(74): unlink('../public/uploads/Juventus')
 3 SYSTEMPATH\CodeIgniter.php(902): App\Controllers\Equipos->borrarEquipos('2')
 4 SYSTEMPATH\CodeIgniter.php(457): CodeIgniter\CodeIgniter->runController(Object(App\Controllers\Equipos))
 5 SYSTEMPATH\CodeIgniter.php(340): CodeIgniter\CodeIgniter->handleRequest(null, Object(Config\Cache), false)
 6 FCPATH\index.php(67): CodeIgniter\CodeIgniter->run()
ERROR - 2022-10-18 16:15:06 --> mysqli_sql_exception: Cannot delete or update a parent row: a foreign key constraint fails (`fut_umg`.`player`, CONSTRAINT `team_id` FOREIGN KEY (`team_id`) REFERENCES `equipo` (`team_id`) ON DELETE NO ACTION ON UPDATE NO ACTION) in C:\wamp64\www\umg_fut\system\Database\MySQLi\Connection.php:292
Stack trace:
#0 C:\wamp64\www\umg_fut\system\Database\MySQLi\Connection.php(292): mysqli->query('DELETE FROM `eq...', 0)
#1 C:\wamp64\www\umg_fut\system\Database\BaseConnection.php(693): CodeIgniter\Database\MySQLi\Connection->execute('DELETE FROM `eq...')
#2 C:\wamp64\www\umg_fut\system\Database\BaseConnection.php(620): CodeIgniter\Database\BaseConnection->simpleQuery('DELETE FROM `eq...')
#3 C:\wamp64\www\umg_fut\system\Database\BaseBuilder.php(2391): CodeIgniter\Database\BaseConnection->query('DELETE FROM `eq...', Array, false)
#4 C:\wamp64\www\umg_fut\system\Model.php(401): CodeIgniter\Database\BaseBuilder->delete()
#5 C:\wamp64\www\umg_fut\system\BaseModel.php(983): CodeIgniter\Model->doDelete(Array, false)
#6 C:\wamp64\www\umg_fut\app\Controllers\Equipos.php(76): CodeIgniter\BaseModel->delete(Array)
#7 C:\wamp64\www\umg_fut\system\CodeIgniter.php(902): App\Controllers\Equipos->borrarEquipos('14')
#8 C:\wamp64\www\umg_fut\system\CodeIgniter.php(457): CodeIgniter\CodeIgniter->runController(Object(App\Controllers\Equipos))
#9 C:\wamp64\www\umg_fut\system\CodeIgniter.php(340): CodeIgniter\CodeIgniter->handleRequest(NULL, Object(Config\Cache), false)
#10 C:\wamp64\www\umg_fut\public\index.php(67): CodeIgniter\CodeIgniter->run()
#11 {main}
ERROR - 2022-10-18 16:24:37 --> mysqli_sql_exception: Cannot delete or update a parent row: a foreign key constraint fails (`fut_umg`.`player`, CONSTRAINT `team_id` FOREIGN KEY (`team_id`) REFERENCES `equipo` (`team_id`) ON DELETE NO ACTION ON UPDATE NO ACTION) in C:\wamp64\www\umg_fut\system\Database\MySQLi\Connection.php:292
Stack trace:
#0 C:\wamp64\www\umg_fut\system\Database\MySQLi\Connection.php(292): mysqli->query('DELETE FROM `eq...', 0)
#1 C:\wamp64\www\umg_fut\system\Database\BaseConnection.php(693): CodeIgniter\Database\MySQLi\Connection->execute('DELETE FROM `eq...')
#2 C:\wamp64\www\umg_fut\system\Database\BaseConnection.php(620): CodeIgniter\Database\BaseConnection->simpleQuery('DELETE FROM `eq...')
#3 C:\wamp64\www\umg_fut\system\Database\BaseBuilder.php(2391): CodeIgniter\Database\BaseConnection->query('DELETE FROM `eq...', Array, false)
#4 C:\wamp64\www\umg_fut\system\Model.php(401): CodeIgniter\Database\BaseBuilder->delete()
#5 C:\wamp64\www\umg_fut\system\BaseModel.php(983): CodeIgniter\Model->doDelete(Array, false)
#6 C:\wamp64\www\umg_fut\app\Controllers\Equipos.php(76): CodeIgniter\BaseModel->delete(Array)
#7 C:\wamp64\www\umg_fut\system\CodeIgniter.php(902): App\Controllers\Equipos->borrarEquipos('1')
#8 C:\wamp64\www\umg_fut\system\CodeIgniter.php(457): CodeIgniter\CodeIgniter->runController(Object(App\Controllers\Equipos))
#9 C:\wamp64\www\umg_fut\system\CodeIgniter.php(340): CodeIgniter\CodeIgniter->handleRequest(NULL, Object(Config\Cache), false)
#10 C:\wamp64\www\umg_fut\public\index.php(67): CodeIgniter\CodeIgniter->run()
#11 {main}
ERROR - 2022-10-18 16:24:47 --> mysqli_sql_exception: Cannot delete or update a parent row: a foreign key constraint fails (`fut_umg`.`player`, CONSTRAINT `team_id` FOREIGN KEY (`team_id`) REFERENCES `equipo` (`team_id`) ON DELETE NO ACTION ON UPDATE NO ACTION) in C:\wamp64\www\umg_fut\system\Database\MySQLi\Connection.php:292
Stack trace:
#0 C:\wamp64\www\umg_fut\system\Database\MySQLi\Connection.php(292): mysqli->query('DELETE FROM `eq...', 0)
#1 C:\wamp64\www\umg_fut\system\Database\BaseConnection.php(693): CodeIgniter\Database\MySQLi\Connection->execute('DELETE FROM `eq...')
#2 C:\wamp64\www\umg_fut\system\Database\BaseConnection.php(620): CodeIgniter\Database\BaseConnection->simpleQuery('DELETE FROM `eq...')
#3 C:\wamp64\www\umg_fut\system\Database\BaseBuilder.php(2391): CodeIgniter\Database\BaseConnection->query('DELETE FROM `eq...', Array, false)
#4 C:\wamp64\www\umg_fut\system\Model.php(401): CodeIgniter\Database\BaseBuilder->delete()
#5 C:\wamp64\www\umg_fut\system\BaseModel.php(983): CodeIgniter\Model->doDelete(Array, false)
#6 C:\wamp64\www\umg_fut\app\Controllers\Equipos.php(76): CodeIgniter\BaseModel->delete(Array)
#7 C:\wamp64\www\umg_fut\system\CodeIgniter.php(902): App\Controllers\Equipos->borrarEquipos('1')
#8 C:\wamp64\www\umg_fut\system\CodeIgniter.php(457): CodeIgniter\CodeIgniter->runController(Object(App\Controllers\Equipos))
#9 C:\wamp64\www\umg_fut\system\CodeIgniter.php(340): CodeIgniter\CodeIgniter->handleRequest(NULL, Object(Config\Cache), false)
#10 C:\wamp64\www\umg_fut\public\index.php(67): CodeIgniter\CodeIgniter->run()
#11 {main}
CRITICAL - 2022-10-18 16:24:53 --> unlink(../public/uploads/1666128286_f882ec210d0ac5324f0f.jpg): No such file or directory
in APPPATH\Controllers\Equipos.php on line 74.
 1 [internal function]: CodeIgniter\Debug\Exceptions->errorHandler(2, 'unlink(../public/uploads/1666128286_f882ec210d0ac5324f0f.jpg): No such file or directory', 'APPPATH\\Controllers\\Equipos.php', 74, [...])
 2 APPPATH\Controllers\Equipos.php(74): unlink('../public/uploads/1666128286_f882ec210d0ac5324f0f.jpg')
 3 SYSTEMPATH\CodeIgniter.php(902): App\Controllers\Equipos->borrarEquipos('1')
 4 SYSTEMPATH\CodeIgniter.php(457): CodeIgniter\CodeIgniter->runController(Object(App\Controllers\Equipos))
 5 SYSTEMPATH\CodeIgniter.php(340): CodeIgniter\CodeIgniter->handleRequest(null, Object(Config\Cache), false)
 6 FCPATH\index.php(67): CodeIgniter\CodeIgniter->run()
ERROR - 2022-10-18 16:25:04 --> mysqli_sql_exception: Cannot delete or update a parent row: a foreign key constraint fails (`fut_umg`.`player`, CONSTRAINT `team_id` FOREIGN KEY (`team_id`) REFERENCES `equipo` (`team_id`) ON DELETE NO ACTION ON UPDATE NO ACTION) in C:\wamp64\www\umg_fut\system\Database\MySQLi\Connection.php:292
Stack trace:
#0 C:\wamp64\www\umg_fut\system\Database\MySQLi\Connection.php(292): mysqli->query('DELETE FROM `eq...', 0)
#1 C:\wamp64\www\umg_fut\system\Database\BaseConnection.php(693): CodeIgniter\Database\MySQLi\Connection->execute('DELETE FROM `eq...')
#2 C:\wamp64\www\umg_fut\system\Database\BaseConnection.php(620): CodeIgniter\Database\BaseConnection->simpleQuery('DELETE FROM `eq...')
#3 C:\wamp64\www\umg_fut\system\Database\BaseBuilder.php(2391): CodeIgniter\Database\BaseConnection->query('DELETE FROM `eq...', Array, false)
#4 C:\wamp64\www\umg_fut\system\Model.php(401): CodeIgniter\Database\BaseBuilder->delete()
#5 C:\wamp64\www\umg_fut\system\BaseModel.php(983): CodeIgniter\Model->doDelete(Array, false)
#6 C:\wamp64\www\umg_fut\app\Controllers\Equipos.php(76): CodeIgniter\BaseModel->delete(Array)
#7 C:\wamp64\www\umg_fut\system\CodeIgniter.php(902): App\Controllers\Equipos->borrarEquipos('1')
#8 C:\wamp64\www\umg_fut\system\CodeIgniter.php(457): CodeIgniter\CodeIgniter->runController(Object(App\Controllers\Equipos))
#9 C:\wamp64\www\umg_fut\system\CodeIgniter.php(340): CodeIgniter\CodeIgniter->handleRequest(NULL, Object(Config\Cache), false)
#10 C:\wamp64\www\umg_fut\public\index.php(67): CodeIgniter\CodeIgniter->run()
#11 {main}
CRITICAL - 2022-10-18 16:54:04 --> Invalid argument supplied for foreach()
in APPPATH\Views\jugadores\editarJugador.php on line 33.
 1 APPPATH\Views\jugadores\editarJugador.php(33): CodeIgniter\Debug\Exceptions->errorHandler(2, 'Invalid argument supplied for foreach()', 'APPPATH\\Views\\jugadores\\editarJugador.php', 33, [...])
 2 SYSTEMPATH\View\View.php(213): include('APPPATH\\Views\\jugadores\\editarJugador.php')
 3 SYSTEMPATH\View\View.php(216): CodeIgniter\View\View->CodeIgniter\View\{closure}()
 4 SYSTEMPATH\Common.php(1142): CodeIgniter\View\View->render('jugadores/editarJugador', [], true)
 5 APPPATH\Controllers\Jugadores.php(89): view('jugadores/editarJugador', [...])
 6 SYSTEMPATH\CodeIgniter.php(902): App\Controllers\Jugadores->editarJugador('8')
 7 SYSTEMPATH\CodeIgniter.php(457): CodeIgniter\CodeIgniter->runController(Object(App\Controllers\Jugadores))
 8 SYSTEMPATH\CodeIgniter.php(340): CodeIgniter\CodeIgniter->handleRequest(null, Object(Config\Cache), false)
 9 FCPATH\index.php(67): CodeIgniter\CodeIgniter->run()
CRITICAL - 2022-10-18 16:56:44 --> Invalid argument supplied for foreach()
in APPPATH\Views\jugadores\editarJugador.php on line 33.
 1 APPPATH\Views\jugadores\editarJugador.php(33): CodeIgniter\Debug\Exceptions->errorHandler(2, 'Invalid argument supplied for foreach()', 'APPPATH\\Views\\jugadores\\editarJugador.php', 33, [...])
 2 SYSTEMPATH\View\View.php(213): include('APPPATH\\Views\\jugadores\\editarJugador.php')
 3 SYSTEMPATH\View\View.php(216): CodeIgniter\View\View->CodeIgniter\View\{closure}()
 4 SYSTEMPATH\Common.php(1142): CodeIgniter\View\View->render('jugadores/editarJugador', [], true)
 5 APPPATH\Controllers\Jugadores.php(89): view('jugadores/editarJugador', [...])
 6 SYSTEMPATH\CodeIgniter.php(902): App\Controllers\Jugadores->editarJugador('8')
 7 SYSTEMPATH\CodeIgniter.php(457): CodeIgniter\CodeIgniter->runController(Object(App\Controllers\Jugadores))
 8 SYSTEMPATH\CodeIgniter.php(340): CodeIgniter\CodeIgniter->handleRequest(null, Object(Config\Cache), false)
 9 FCPATH\index.php(67): CodeIgniter\CodeIgniter->run()
CRITICAL - 2022-10-18 16:58:08 --> Invalid argument supplied for foreach()
in APPPATH\Views\jugadores\editarJugador.php on line 33.
 1 APPPATH\Views\jugadores\editarJugador.php(33): CodeIgniter\Debug\Exceptions->errorHandler(2, 'Invalid argument supplied for foreach()', 'APPPATH\\Views\\jugadores\\editarJugador.php', 33, [...])
 2 SYSTEMPATH\View\View.php(213): include('APPPATH\\Views\\jugadores\\editarJugador.php')
 3 SYSTEMPATH\View\View.php(216): CodeIgniter\View\View->CodeIgniter\View\{closure}()
 4 SYSTEMPATH\Common.php(1142): CodeIgniter\View\View->render('jugadores/editarJugador', [], true)
 5 APPPATH\Controllers\Jugadores.php(89): view('jugadores/editarJugador', [...])
 6 SYSTEMPATH\CodeIgniter.php(902): App\Controllers\Jugadores->editarJugador('8')
 7 SYSTEMPATH\CodeIgniter.php(457): CodeIgniter\CodeIgniter->runController(Object(App\Controllers\Jugadores))
 8 SYSTEMPATH\CodeIgniter.php(340): CodeIgniter\CodeIgniter->handleRequest(null, Object(Config\Cache), false)
 9 FCPATH\index.php(67): CodeIgniter\CodeIgniter->run()
CRITICAL - 2022-10-18 16:58:09 --> Invalid argument supplied for foreach()
in APPPATH\Views\jugadores\editarJugador.php on line 33.
 1 APPPATH\Views\jugadores\editarJugador.php(33): CodeIgniter\Debug\Exceptions->errorHandler(2, 'Invalid argument supplied for foreach()', 'APPPATH\\Views\\jugadores\\editarJugador.php', 33, [...])
 2 SYSTEMPATH\View\View.php(213): include('APPPATH\\Views\\jugadores\\editarJugador.php')
 3 SYSTEMPATH\View\View.php(216): CodeIgniter\View\View->CodeIgniter\View\{closure}()
 4 SYSTEMPATH\Common.php(1142): CodeIgniter\View\View->render('jugadores/editarJugador', [], true)
 5 APPPATH\Controllers\Jugadores.php(89): view('jugadores/editarJugador', [...])
 6 SYSTEMPATH\CodeIgniter.php(902): App\Controllers\Jugadores->editarJugador('8')
 7 SYSTEMPATH\CodeIgniter.php(457): CodeIgniter\CodeIgniter->runController(Object(App\Controllers\Jugadores))
 8 SYSTEMPATH\CodeIgniter.php(340): CodeIgniter\CodeIgniter->handleRequest(null, Object(Config\Cache), false)
 9 FCPATH\index.php(67): CodeIgniter\CodeIgniter->run()
CRITICAL - 2022-10-18 16:58:09 --> Invalid argument supplied for foreach()
in APPPATH\Views\jugadores\editarJugador.php on line 33.
 1 APPPATH\Views\jugadores\editarJugador.php(33): CodeIgniter\Debug\Exceptions->errorHandler(2, 'Invalid argument supplied for foreach()', 'APPPATH\\Views\\jugadores\\editarJugador.php', 33, [...])
 2 SYSTEMPATH\View\View.php(213): include('APPPATH\\Views\\jugadores\\editarJugador.php')
 3 SYSTEMPATH\View\View.php(216): CodeIgniter\View\View->CodeIgniter\View\{closure}()
 4 SYSTEMPATH\Common.php(1142): CodeIgniter\View\View->render('jugadores/editarJugador', [], true)
 5 APPPATH\Controllers\Jugadores.php(89): view('jugadores/editarJugador', [...])
 6 SYSTEMPATH\CodeIgniter.php(902): App\Controllers\Jugadores->editarJugador('8')
 7 SYSTEMPATH\CodeIgniter.php(457): CodeIgniter\CodeIgniter->runController(Object(App\Controllers\Jugadores))
 8 SYSTEMPATH\CodeIgniter.php(340): CodeIgniter\CodeIgniter->handleRequest(null, Object(Config\Cache), false)
 9 FCPATH\index.php(67): CodeIgniter\CodeIgniter->run()
CRITICAL - 2022-10-18 16:58:10 --> Invalid argument supplied for foreach()
in APPPATH\Views\jugadores\editarJugador.php on line 33.
 1 APPPATH\Views\jugadores\editarJugador.php(33): CodeIgniter\Debug\Exceptions->errorHandler(2, 'Invalid argument supplied for foreach()', 'APPPATH\\Views\\jugadores\\editarJugador.php', 33, [...])
 2 SYSTEMPATH\View\View.php(213): include('APPPATH\\Views\\jugadores\\editarJugador.php')
 3 SYSTEMPATH\View\View.php(216): CodeIgniter\View\View->CodeIgniter\View\{closure}()
 4 SYSTEMPATH\Common.php(1142): CodeIgniter\View\View->render('jugadores/editarJugador', [], true)
 5 APPPATH\Controllers\Jugadores.php(89): view('jugadores/editarJugador', [...])
 6 SYSTEMPATH\CodeIgniter.php(902): App\Controllers\Jugadores->editarJugador('8')
 7 SYSTEMPATH\CodeIgniter.php(457): CodeIgniter\CodeIgniter->runController(Object(App\Controllers\Jugadores))
 8 SYSTEMPATH\CodeIgniter.php(340): CodeIgniter\CodeIgniter->handleRequest(null, Object(Config\Cache), false)
 9 FCPATH\index.php(67): CodeIgniter\CodeIgniter->run()
CRITICAL - 2022-10-18 16:58:10 --> Invalid argument supplied for foreach()
in APPPATH\Views\jugadores\editarJugador.php on line 33.
 1 APPPATH\Views\jugadores\editarJugador.php(33): CodeIgniter\Debug\Exceptions->errorHandler(2, 'Invalid argument supplied for foreach()', 'APPPATH\\Views\\jugadores\\editarJugador.php', 33, [...])
 2 SYSTEMPATH\View\View.php(213): include('APPPATH\\Views\\jugadores\\editarJugador.php')
 3 SYSTEMPATH\View\View.php(216): CodeIgniter\View\View->CodeIgniter\View\{closure}()
 4 SYSTEMPATH\Common.php(1142): CodeIgniter\View\View->render('jugadores/editarJugador', [], true)
 5 APPPATH\Controllers\Jugadores.php(89): view('jugadores/editarJugador', [...])
 6 SYSTEMPATH\CodeIgniter.php(902): App\Controllers\Jugadores->editarJugador('8')
 7 SYSTEMPATH\CodeIgniter.php(457): CodeIgniter\CodeIgniter->runController(Object(App\Controllers\Jugadores))
 8 SYSTEMPATH\CodeIgniter.php(340): CodeIgniter\CodeIgniter->handleRequest(null, Object(Config\Cache), false)
 9 FCPATH\index.php(67): CodeIgniter\CodeIgniter->run()
CRITICAL - 2022-10-18 16:58:10 --> Invalid argument supplied for foreach()
in APPPATH\Views\jugadores\editarJugador.php on line 33.
 1 APPPATH\Views\jugadores\editarJugador.php(33): CodeIgniter\Debug\Exceptions->errorHandler(2, 'Invalid argument supplied for foreach()', 'APPPATH\\Views\\jugadores\\editarJugador.php', 33, [...])
 2 SYSTEMPATH\View\View.php(213): include('APPPATH\\Views\\jugadores\\editarJugador.php')
 3 SYSTEMPATH\View\View.php(216): CodeIgniter\View\View->CodeIgniter\View\{closure}()
 4 SYSTEMPATH\Common.php(1142): CodeIgniter\View\View->render('jugadores/editarJugador', [], true)
 5 APPPATH\Controllers\Jugadores.php(89): view('jugadores/editarJugador', [...])
 6 SYSTEMPATH\CodeIgniter.php(902): App\Controllers\Jugadores->editarJugador('8')
 7 SYSTEMPATH\CodeIgniter.php(457): CodeIgniter\CodeIgniter->runController(Object(App\Controllers\Jugadores))
 8 SYSTEMPATH\CodeIgniter.php(340): CodeIgniter\CodeIgniter->handleRequest(null, Object(Config\Cache), false)
 9 FCPATH\index.php(67): CodeIgniter\CodeIgniter->run()
CRITICAL - 2022-10-18 16:58:21 --> Invalid argument supplied for foreach()
in APPPATH\Views\jugadores\editarJugador.php on line 33.
 1 APPPATH\Views\jugadores\editarJugador.php(33): CodeIgniter\Debug\Exceptions->errorHandler(2, 'Invalid argument supplied for foreach()', 'APPPATH\\Views\\jugadores\\editarJugador.php', 33, [...])
 2 SYSTEMPATH\View\View.php(213): include('APPPATH\\Views\\jugadores\\editarJugador.php')
 3 SYSTEMPATH\View\View.php(216): CodeIgniter\View\View->CodeIgniter\View\{closure}()
 4 SYSTEMPATH\Common.php(1142): CodeIgniter\View\View->render('jugadores/editarJugador', [], true)
 5 APPPATH\Controllers\Jugadores.php(89): view('jugadores/editarJugador', [...])
 6 SYSTEMPATH\CodeIgniter.php(902): App\Controllers\Jugadores->editarJugador('8')
 7 SYSTEMPATH\CodeIgniter.php(457): CodeIgniter\CodeIgniter->runController(Object(App\Controllers\Jugadores))
 8 SYSTEMPATH\CodeIgniter.php(340): CodeIgniter\CodeIgniter->handleRequest(null, Object(Config\Cache), false)
 9 FCPATH\index.php(67): CodeIgniter\CodeIgniter->run()
CRITICAL - 2022-10-18 16:58:21 --> Invalid argument supplied for foreach()
in APPPATH\Views\jugadores\editarJugador.php on line 33.
 1 APPPATH\Views\jugadores\editarJugador.php(33): CodeIgniter\Debug\Exceptions->errorHandler(2, 'Invalid argument supplied for foreach()', 'APPPATH\\Views\\jugadores\\editarJugador.php', 33, [...])
 2 SYSTEMPATH\View\View.php(213): include('APPPATH\\Views\\jugadores\\editarJugador.php')
 3 SYSTEMPATH\View\View.php(216): CodeIgniter\View\View->CodeIgniter\View\{closure}()
 4 SYSTEMPATH\Common.php(1142): CodeIgniter\View\View->render('jugadores/editarJugador', [], true)
 5 APPPATH\Controllers\Jugadores.php(89): view('jugadores/editarJugador', [...])
 6 SYSTEMPATH\CodeIgniter.php(902): App\Controllers\Jugadores->editarJugador('8')
 7 SYSTEMPATH\CodeIgniter.php(457): CodeIgniter\CodeIgniter->runController(Object(App\Controllers\Jugadores))
 8 SYSTEMPATH\CodeIgniter.php(340): CodeIgniter\CodeIgniter->handleRequest(null, Object(Config\Cache), false)
 9 FCPATH\index.php(67): CodeIgniter\CodeIgniter->run()
CRITICAL - 2022-10-18 16:58:22 --> Invalid argument supplied for foreach()
in APPPATH\Views\jugadores\editarJugador.php on line 33.
 1 APPPATH\Views\jugadores\editarJugador.php(33): CodeIgniter\Debug\Exceptions->errorHandler(2, 'Invalid argument supplied for foreach()', 'APPPATH\\Views\\jugadores\\editarJugador.php', 33, [...])
 2 SYSTEMPATH\View\View.php(213): include('APPPATH\\Views\\jugadores\\editarJugador.php')
 3 SYSTEMPATH\View\View.php(216): CodeIgniter\View\View->CodeIgniter\View\{closure}()
 4 SYSTEMPATH\Common.php(1142): CodeIgniter\View\View->render('jugadores/editarJugador', [], true)
 5 APPPATH\Controllers\Jugadores.php(89): view('jugadores/editarJugador', [...])
 6 SYSTEMPATH\CodeIgniter.php(902): App\Controllers\Jugadores->editarJugador('8')
 7 SYSTEMPATH\CodeIgniter.php(457): CodeIgniter\CodeIgniter->runController(Object(App\Controllers\Jugadores))
 8 SYSTEMPATH\CodeIgniter.php(340): CodeIgniter\CodeIgniter->handleRequest(null, Object(Config\Cache), false)
 9 FCPATH\index.php(67): CodeIgniter\CodeIgniter->run()
CRITICAL - 2022-10-18 16:58:22 --> Invalid argument supplied for foreach()
in APPPATH\Views\jugadores\editarJugador.php on line 33.
 1 APPPATH\Views\jugadores\editarJugador.php(33): CodeIgniter\Debug\Exceptions->errorHandler(2, 'Invalid argument supplied for foreach()', 'APPPATH\\Views\\jugadores\\editarJugador.php', 33, [...])
 2 SYSTEMPATH\View\View.php(213): include('APPPATH\\Views\\jugadores\\editarJugador.php')
 3 SYSTEMPATH\View\View.php(216): CodeIgniter\View\View->CodeIgniter\View\{closure}()
 4 SYSTEMPATH\Common.php(1142): CodeIgniter\View\View->render('jugadores/editarJugador', [], true)
 5 APPPATH\Controllers\Jugadores.php(89): view('jugadores/editarJugador', [...])
 6 SYSTEMPATH\CodeIgniter.php(902): App\Controllers\Jugadores->editarJugador('8')
 7 SYSTEMPATH\CodeIgniter.php(457): CodeIgniter\CodeIgniter->runController(Object(App\Controllers\Jugadores))
 8 SYSTEMPATH\CodeIgniter.php(340): CodeIgniter\CodeIgniter->handleRequest(null, Object(Config\Cache), false)
 9 FCPATH\index.php(67): CodeIgniter\CodeIgniter->run()
CRITICAL - 2022-10-18 16:58:22 --> Invalid argument supplied for foreach()
in APPPATH\Views\jugadores\editarJugador.php on line 33.
 1 APPPATH\Views\jugadores\editarJugador.php(33): CodeIgniter\Debug\Exceptions->errorHandler(2, 'Invalid argument supplied for foreach()', 'APPPATH\\Views\\jugadores\\editarJugador.php', 33, [...])
 2 SYSTEMPATH\View\View.php(213): include('APPPATH\\Views\\jugadores\\editarJugador.php')
 3 SYSTEMPATH\View\View.php(216): CodeIgniter\View\View->CodeIgniter\View\{closure}()
 4 SYSTEMPATH\Common.php(1142): CodeIgniter\View\View->render('jugadores/editarJugador', [], true)
 5 APPPATH\Controllers\Jugadores.php(89): view('jugadores/editarJugador', [...])
 6 SYSTEMPATH\CodeIgniter.php(902): App\Controllers\Jugadores->editarJugador('8')
 7 SYSTEMPATH\CodeIgniter.php(457): CodeIgniter\CodeIgniter->runController(Object(App\Controllers\Jugadores))
 8 SYSTEMPATH\CodeIgniter.php(340): CodeIgniter\CodeIgniter->handleRequest(null, Object(Config\Cache), false)
 9 FCPATH\index.php(67): CodeIgniter\CodeIgniter->run()
CRITICAL - 2022-10-18 16:58:22 --> Invalid argument supplied for foreach()
in APPPATH\Views\jugadores\editarJugador.php on line 33.
 1 APPPATH\Views\jugadores\editarJugador.php(33): CodeIgniter\Debug\Exceptions->errorHandler(2, 'Invalid argument supplied for foreach()', 'APPPATH\\Views\\jugadores\\editarJugador.php', 33, [...])
 2 SYSTEMPATH\View\View.php(213): include('APPPATH\\Views\\jugadores\\editarJugador.php')
 3 SYSTEMPATH\View\View.php(216): CodeIgniter\View\View->CodeIgniter\View\{closure}()
 4 SYSTEMPATH\Common.php(1142): CodeIgniter\View\View->render('jugadores/editarJugador', [], true)
 5 APPPATH\Controllers\Jugadores.php(89): view('jugadores/editarJugador', [...])
 6 SYSTEMPATH\CodeIgniter.php(902): App\Controllers\Jugadores->editarJugador('8')
 7 SYSTEMPATH\CodeIgniter.php(457): CodeIgniter\CodeIgniter->runController(Object(App\Controllers\Jugadores))
 8 SYSTEMPATH\CodeIgniter.php(340): CodeIgniter\CodeIgniter->handleRequest(null, Object(Config\Cache), false)
 9 FCPATH\index.php(67): CodeIgniter\CodeIgniter->run()
CRITICAL - 2022-10-18 16:58:22 --> Invalid argument supplied for foreach()
in APPPATH\Views\jugadores\editarJugador.php on line 33.
 1 APPPATH\Views\jugadores\editarJugador.php(33): CodeIgniter\Debug\Exceptions->errorHandler(2, 'Invalid argument supplied for foreach()', 'APPPATH\\Views\\jugadores\\editarJugador.php', 33, [...])
 2 SYSTEMPATH\View\View.php(213): include('APPPATH\\Views\\jugadores\\editarJugador.php')
 3 SYSTEMPATH\View\View.php(216): CodeIgniter\View\View->CodeIgniter\View\{closure}()
 4 SYSTEMPATH\Common.php(1142): CodeIgniter\View\View->render('jugadores/editarJugador', [], true)
 5 APPPATH\Controllers\Jugadores.php(89): view('jugadores/editarJugador', [...])
 6 SYSTEMPATH\CodeIgniter.php(902): App\Controllers\Jugadores->editarJugador('8')
 7 SYSTEMPATH\CodeIgniter.php(457): CodeIgniter\CodeIgniter->runController(Object(App\Controllers\Jugadores))
 8 SYSTEMPATH\CodeIgniter.php(340): CodeIgniter\CodeIgniter->handleRequest(null, Object(Config\Cache), false)
 9 FCPATH\index.php(67): CodeIgniter\CodeIgniter->run()
CRITICAL - 2022-10-18 16:58:23 --> Invalid argument supplied for foreach()
in APPPATH\Views\jugadores\editarJugador.php on line 33.
 1 APPPATH\Views\jugadores\editarJugador.php(33): CodeIgniter\Debug\Exceptions->errorHandler(2, 'Invalid argument supplied for foreach()', 'APPPATH\\Views\\jugadores\\editarJugador.php', 33, [...])
 2 SYSTEMPATH\View\View.php(213): include('APPPATH\\Views\\jugadores\\editarJugador.php')
 3 SYSTEMPATH\View\View.php(216): CodeIgniter\View\View->CodeIgniter\View\{closure}()
 4 SYSTEMPATH\Common.php(1142): CodeIgniter\View\View->render('jugadores/editarJugador', [], true)
 5 APPPATH\Controllers\Jugadores.php(89): view('jugadores/editarJugador', [...])
 6 SYSTEMPATH\CodeIgniter.php(902): App\Controllers\Jugadores->editarJugador('8')
 7 SYSTEMPATH\CodeIgniter.php(457): CodeIgniter\CodeIgniter->runController(Object(App\Controllers\Jugadores))
 8 SYSTEMPATH\CodeIgniter.php(340): CodeIgniter\CodeIgniter->handleRequest(null, Object(Config\Cache), false)
 9 FCPATH\index.php(67): CodeIgniter\CodeIgniter->run()
CRITICAL - 2022-10-18 16:58:23 --> Invalid argument supplied for foreach()
in APPPATH\Views\jugadores\editarJugador.php on line 33.
 1 APPPATH\Views\jugadores\editarJugador.php(33): CodeIgniter\Debug\Exceptions->errorHandler(2, 'Invalid argument supplied for foreach()', 'APPPATH\\Views\\jugadores\\editarJugador.php', 33, [...])
 2 SYSTEMPATH\View\View.php(213): include('APPPATH\\Views\\jugadores\\editarJugador.php')
 3 SYSTEMPATH\View\View.php(216): CodeIgniter\View\View->CodeIgniter\View\{closure}()
 4 SYSTEMPATH\Common.php(1142): CodeIgniter\View\View->render('jugadores/editarJugador', [], true)
 5 APPPATH\Controllers\Jugadores.php(89): view('jugadores/editarJugador', [...])
 6 SYSTEMPATH\CodeIgniter.php(902): App\Controllers\Jugadores->editarJugador('8')
 7 SYSTEMPATH\CodeIgniter.php(457): CodeIgniter\CodeIgniter->runController(Object(App\Controllers\Jugadores))
 8 SYSTEMPATH\CodeIgniter.php(340): CodeIgniter\CodeIgniter->handleRequest(null, Object(Config\Cache), false)
 9 FCPATH\index.php(67): CodeIgniter\CodeIgniter->run()
CRITICAL - 2022-10-18 16:58:23 --> Invalid argument supplied for foreach()
in APPPATH\Views\jugadores\editarJugador.php on line 33.
 1 APPPATH\Views\jugadores\editarJugador.php(33): CodeIgniter\Debug\Exceptions->errorHandler(2, 'Invalid argument supplied for foreach()', 'APPPATH\\Views\\jugadores\\editarJugador.php', 33, [...])
 2 SYSTEMPATH\View\View.php(213): include('APPPATH\\Views\\jugadores\\editarJugador.php')
 3 SYSTEMPATH\View\View.php(216): CodeIgniter\View\View->CodeIgniter\View\{closure}()
 4 SYSTEMPATH\Common.php(1142): CodeIgniter\View\View->render('jugadores/editarJugador', [], true)
 5 APPPATH\Controllers\Jugadores.php(89): view('jugadores/editarJugador', [...])
 6 SYSTEMPATH\CodeIgniter.php(902): App\Controllers\Jugadores->editarJugador('8')
 7 SYSTEMPATH\CodeIgniter.php(457): CodeIgniter\CodeIgniter->runController(Object(App\Controllers\Jugadores))
 8 SYSTEMPATH\CodeIgniter.php(340): CodeIgniter\CodeIgniter->handleRequest(null, Object(Config\Cache), false)
 9 FCPATH\index.php(67): CodeIgniter\CodeIgniter->run()
CRITICAL - 2022-10-18 16:58:23 --> Invalid argument supplied for foreach()
in APPPATH\Views\jugadores\editarJugador.php on line 33.
 1 APPPATH\Views\jugadores\editarJugador.php(33): CodeIgniter\Debug\Exceptions->errorHandler(2, 'Invalid argument supplied for foreach()', 'APPPATH\\Views\\jugadores\\editarJugador.php', 33, [...])
 2 SYSTEMPATH\View\View.php(213): include('APPPATH\\Views\\jugadores\\editarJugador.php')
 3 SYSTEMPATH\View\View.php(216): CodeIgniter\View\View->CodeIgniter\View\{closure}()
 4 SYSTEMPATH\Common.php(1142): CodeIgniter\View\View->render('jugadores/editarJugador', [], true)
 5 APPPATH\Controllers\Jugadores.php(89): view('jugadores/editarJugador', [...])
 6 SYSTEMPATH\CodeIgniter.php(902): App\Controllers\Jugadores->editarJugador('8')
 7 SYSTEMPATH\CodeIgniter.php(457): CodeIgniter\CodeIgniter->runController(Object(App\Controllers\Jugadores))
 8 SYSTEMPATH\CodeIgniter.php(340): CodeIgniter\CodeIgniter->handleRequest(null, Object(Config\Cache), false)
 9 FCPATH\index.php(67): CodeIgniter\CodeIgniter->run()
CRITICAL - 2022-10-18 16:58:49 --> Invalid argument supplied for foreach()
in APPPATH\Views\jugadores\editarJugador.php on line 33.
 1 APPPATH\Views\jugadores\editarJugador.php(33): CodeIgniter\Debug\Exceptions->errorHandler(2, 'Invalid argument supplied for foreach()', 'APPPATH\\Views\\jugadores\\editarJugador.php', 33, [...])
 2 SYSTEMPATH\View\View.php(213): include('APPPATH\\Views\\jugadores\\editarJugador.php')
 3 SYSTEMPATH\View\View.php(216): CodeIgniter\View\View->CodeIgniter\View\{closure}()
 4 SYSTEMPATH\Common.php(1142): CodeIgniter\View\View->render('jugadores/editarJugador', [], true)
 5 APPPATH\Controllers\Jugadores.php(89): view('jugadores/editarJugador', [...])
 6 SYSTEMPATH\CodeIgniter.php(902): App\Controllers\Jugadores->editarJugador('8')
 7 SYSTEMPATH\CodeIgniter.php(457): CodeIgniter\CodeIgniter->runController(Object(App\Controllers\Jugadores))
 8 SYSTEMPATH\CodeIgniter.php(340): CodeIgniter\CodeIgniter->handleRequest(null, Object(Config\Cache), false)
 9 FCPATH\index.php(67): CodeIgniter\CodeIgniter->run()
CRITICAL - 2022-10-18 17:00:10 --> Invalid argument supplied for foreach()
in APPPATH\Views\jugadores\editarJugador.php on line 33.
 1 APPPATH\Views\jugadores\editarJugador.php(33): CodeIgniter\Debug\Exceptions->errorHandler(2, 'Invalid argument supplied for foreach()', 'APPPATH\\Views\\jugadores\\editarJugador.php', 33, [...])
 2 SYSTEMPATH\View\View.php(213): include('APPPATH\\Views\\jugadores\\editarJugador.php')
 3 SYSTEMPATH\View\View.php(216): CodeIgniter\View\View->CodeIgniter\View\{closure}()
 4 SYSTEMPATH\Common.php(1142): CodeIgniter\View\View->render('jugadores/editarJugador', [], true)
 5 APPPATH\Controllers\Jugadores.php(89): view('jugadores/editarJugador', [...])
 6 SYSTEMPATH\CodeIgniter.php(902): App\Controllers\Jugadores->editarJugador('8')
 7 SYSTEMPATH\CodeIgniter.php(457): CodeIgniter\CodeIgniter->runController(Object(App\Controllers\Jugadores))
 8 SYSTEMPATH\CodeIgniter.php(340): CodeIgniter\CodeIgniter->handleRequest(null, Object(Config\Cache), false)
 9 FCPATH\index.php(67): CodeIgniter\CodeIgniter->run()
CRITICAL - 2022-10-18 17:00:14 --> Invalid argument supplied for foreach()
in APPPATH\Views\jugadores\editarJugador.php on line 33.
 1 APPPATH\Views\jugadores\editarJugador.php(33): CodeIgniter\Debug\Exceptions->errorHandler(2, 'Invalid argument supplied for foreach()', 'APPPATH\\Views\\jugadores\\editarJugador.php', 33, [...])
 2 SYSTEMPATH\View\View.php(213): include('APPPATH\\Views\\jugadores\\editarJugador.php')
 3 SYSTEMPATH\View\View.php(216): CodeIgniter\View\View->CodeIgniter\View\{closure}()
 4 SYSTEMPATH\Common.php(1142): CodeIgniter\View\View->render('jugadores/editarJugador', [], true)
 5 APPPATH\Controllers\Jugadores.php(89): view('jugadores/editarJugador', [...])
 6 SYSTEMPATH\CodeIgniter.php(902): App\Controllers\Jugadores->editarJugador('7')
 7 SYSTEMPATH\CodeIgniter.php(457): CodeIgniter\CodeIgniter->runController(Object(App\Controllers\Jugadores))
 8 SYSTEMPATH\CodeIgniter.php(340): CodeIgniter\CodeIgniter->handleRequest(null, Object(Config\Cache), false)
 9 FCPATH\index.php(67): CodeIgniter\CodeIgniter->run()
CRITICAL - 2022-10-18 17:02:31 --> Invalid argument supplied for foreach()
in APPPATH\Views\jugadores\editarJugador.php on line 33.
 1 APPPATH\Views\jugadores\editarJugador.php(33): CodeIgniter\Debug\Exceptions->errorHandler(2, 'Invalid argument supplied for foreach()', 'APPPATH\\Views\\jugadores\\editarJugador.php', 33, [...])
 2 SYSTEMPATH\View\View.php(213): include('APPPATH\\Views\\jugadores\\editarJugador.php')
 3 SYSTEMPATH\View\View.php(216): CodeIgniter\View\View->CodeIgniter\View\{closure}()
 4 SYSTEMPATH\Common.php(1142): CodeIgniter\View\View->render('jugadores/editarJugador', [], true)
 5 APPPATH\Controllers\Jugadores.php(89): view('jugadores/editarJugador', [...])
 6 SYSTEMPATH\CodeIgniter.php(902): App\Controllers\Jugadores->editarJugador('8')
 7 SYSTEMPATH\CodeIgniter.php(457): CodeIgniter\CodeIgniter->runController(Object(App\Controllers\Jugadores))
 8 SYSTEMPATH\CodeIgniter.php(340): CodeIgniter\CodeIgniter->handleRequest(null, Object(Config\Cache), false)
 9 FCPATH\index.php(67): CodeIgniter\CodeIgniter->run()
CRITICAL - 2022-10-18 17:03:31 --> Invalid argument supplied for foreach()
in APPPATH\Views\jugadores\editarJugador.php on line 33.
 1 APPPATH\Views\jugadores\editarJugador.php(33): CodeIgniter\Debug\Exceptions->errorHandler(2, 'Invalid argument supplied for foreach()', 'APPPATH\\Views\\jugadores\\editarJugador.php', 33, [...])
 2 SYSTEMPATH\View\View.php(213): include('APPPATH\\Views\\jugadores\\editarJugador.php')
 3 SYSTEMPATH\View\View.php(216): CodeIgniter\View\View->CodeIgniter\View\{closure}()
 4 SYSTEMPATH\Common.php(1142): CodeIgniter\View\View->render('jugadores/editarJugador', [], true)
 5 APPPATH\Controllers\Jugadores.php(89): view('jugadores/editarJugador', [...])
 6 SYSTEMPATH\CodeIgniter.php(902): App\Controllers\Jugadores->editarJugador('8')
 7 SYSTEMPATH\CodeIgniter.php(457): CodeIgniter\CodeIgniter->runController(Object(App\Controllers\Jugadores))
 8 SYSTEMPATH\CodeIgniter.php(340): CodeIgniter\CodeIgniter->handleRequest(null, Object(Config\Cache), false)
 9 FCPATH\index.php(67): CodeIgniter\CodeIgniter->run()
ERROR - 2022-10-18 17:12:25 --> mysqli_sql_exception: Cannot add or update a child row: a foreign key constraint fails (`fut_umg`.`player`, CONSTRAINT `team_id` FOREIGN KEY (`team_id`) REFERENCES `equipo` (`team_id`) ON DELETE NO ACTION ON UPDATE NO ACTION) in C:\wamp64\www\umg_fut\system\Database\MySQLi\Connection.php:292
Stack trace:
#0 C:\wamp64\www\umg_fut\system\Database\MySQLi\Connection.php(292): mysqli->query('UPDATE `player`...', 0)
#1 C:\wamp64\www\umg_fut\system\Database\BaseConnection.php(693): CodeIgniter\Database\MySQLi\Connection->execute('UPDATE `player`...')
#2 C:\wamp64\www\umg_fut\system\Database\BaseConnection.php(620): CodeIgniter\Database\BaseConnection->simpleQuery('UPDATE `player`...')
#3 C:\wamp64\www\umg_fut\system\Database\BaseBuilder.php(2079): CodeIgniter\Database\BaseConnection->query('UPDATE `player`...', Array, false)
#4 C:\wamp64\www\umg_fut\system\Model.php(338): CodeIgniter\Database\BaseBuilder->update()
#5 C:\wamp64\www\umg_fut\system\BaseModel.php(885): CodeIgniter\Model->doUpdate(Array, Array)
#6 C:\wamp64\www\umg_fut\system\Model.php(693): CodeIgniter\BaseModel->update(Array, Array)
#7 C:\wamp64\www\umg_fut\app\Controllers\Jugadores.php(108): CodeIgniter\Model->update('8', Array)
#8 C:\wamp64\www\umg_fut\system\CodeIgniter.php(902): App\Controllers\Jugadores->actualizarJugador()
#9 C:\wamp64\www\umg_fut\system\CodeIgniter.php(457): CodeIgniter\CodeIgniter->runController(Object(App\Controllers\Jugadores))
#10 C:\wamp64\www\umg_fut\system\CodeIgniter.php(340): CodeIgniter\CodeIgniter->handleRequest(NULL, Object(Config\Cache), false)
#11 C:\wamp64\www\umg_fut\public\index.php(67): CodeIgniter\CodeIgniter->run()
#12 {main}
ERROR - 2022-10-18 17:12:59 --> mysqli_sql_exception: Cannot add or update a child row: a foreign key constraint fails (`fut_umg`.`player`, CONSTRAINT `team_id` FOREIGN KEY (`team_id`) REFERENCES `equipo` (`team_id`) ON DELETE NO ACTION ON UPDATE NO ACTION) in C:\wamp64\www\umg_fut\system\Database\MySQLi\Connection.php:292
Stack trace:
#0 C:\wamp64\www\umg_fut\system\Database\MySQLi\Connection.php(292): mysqli->query('UPDATE `player`...', 0)
#1 C:\wamp64\www\umg_fut\system\Database\BaseConnection.php(693): CodeIgniter\Database\MySQLi\Connection->execute('UPDATE `player`...')
#2 C:\wamp64\www\umg_fut\system\Database\BaseConnection.php(620): CodeIgniter\Database\BaseConnection->simpleQuery('UPDATE `player`...')
#3 C:\wamp64\www\umg_fut\system\Database\BaseBuilder.php(2079): CodeIgniter\Database\BaseConnection->query('UPDATE `player`...', Array, false)
#4 C:\wamp64\www\umg_fut\system\Model.php(338): CodeIgniter\Database\BaseBuilder->update()
#5 C:\wamp64\www\umg_fut\system\BaseModel.php(885): CodeIgniter\Model->doUpdate(Array, Array)
#6 C:\wamp64\www\umg_fut\system\Model.php(693): CodeIgniter\BaseModel->update(Array, Array)
#7 C:\wamp64\www\umg_fut\app\Controllers\Jugadores.php(108): CodeIgniter\Model->update('8', Array)
#8 C:\wamp64\www\umg_fut\system\CodeIgniter.php(902): App\Controllers\Jugadores->actualizarJugador()
#9 C:\wamp64\www\umg_fut\system\CodeIgniter.php(457): CodeIgniter\CodeIgniter->runController(Object(App\Controllers\Jugadores))
#10 C:\wamp64\www\umg_fut\system\CodeIgniter.php(340): CodeIgniter\CodeIgniter->handleRequest(NULL, Object(Config\Cache), false)
#11 C:\wamp64\www\umg_fut\public\index.php(67): CodeIgniter\CodeIgniter->run()
#12 {main}
ERROR - 2022-10-18 17:13:36 --> mysqli_sql_exception: Cannot add or update a child row: a foreign key constraint fails (`fut_umg`.`player`, CONSTRAINT `team_id` FOREIGN KEY (`team_id`) REFERENCES `equipo` (`team_id`) ON DELETE NO ACTION ON UPDATE NO ACTION) in C:\wamp64\www\umg_fut\system\Database\MySQLi\Connection.php:292
Stack trace:
#0 C:\wamp64\www\umg_fut\system\Database\MySQLi\Connection.php(292): mysqli->query('UPDATE `player`...', 0)
#1 C:\wamp64\www\umg_fut\system\Database\BaseConnection.php(693): CodeIgniter\Database\MySQLi\Connection->execute('UPDATE `player`...')
#2 C:\wamp64\www\umg_fut\system\Database\BaseConnection.php(620): CodeIgniter\Database\BaseConnection->simpleQuery('UPDATE `player`...')
#3 C:\wamp64\www\umg_fut\system\Database\BaseBuilder.php(2079): CodeIgniter\Database\BaseConnection->query('UPDATE `player`...', Array, false)
#4 C:\wamp64\www\umg_fut\system\Model.php(338): CodeIgniter\Database\BaseBuilder->update()
#5 C:\wamp64\www\umg_fut\system\BaseModel.php(885): CodeIgniter\Model->doUpdate(Array, Array)
#6 C:\wamp64\www\umg_fut\system\Model.php(693): CodeIgniter\BaseModel->update(Array, Array)
#7 C:\wamp64\www\umg_fut\app\Controllers\Jugadores.php(108): CodeIgniter\Model->update('8', Array)
#8 C:\wamp64\www\umg_fut\system\CodeIgniter.php(902): App\Controllers\Jugadores->actualizarJugador()
#9 C:\wamp64\www\umg_fut\system\CodeIgniter.php(457): CodeIgniter\CodeIgniter->runController(Object(App\Controllers\Jugadores))
#10 C:\wamp64\www\umg_fut\system\CodeIgniter.php(340): CodeIgniter\CodeIgniter->handleRequest(NULL, Object(Config\Cache), false)
#11 C:\wamp64\www\umg_fut\public\index.php(67): CodeIgniter\CodeIgniter->run()
#12 {main}
ERROR - 2022-10-18 17:20:32 --> mysqli_sql_exception: Cannot add or update a child row: a foreign key constraint fails (`fut_umg`.`player`, CONSTRAINT `team_id` FOREIGN KEY (`team_id`) REFERENCES `equipo` (`team_id`) ON DELETE NO ACTION ON UPDATE NO ACTION) in C:\wamp64\www\umg_fut\system\Database\MySQLi\Connection.php:292
Stack trace:
#0 C:\wamp64\www\umg_fut\system\Database\MySQLi\Connection.php(292): mysqli->query('UPDATE `player`...', 0)
#1 C:\wamp64\www\umg_fut\system\Database\BaseConnection.php(693): CodeIgniter\Database\MySQLi\Connection->execute('UPDATE `player`...')
#2 C:\wamp64\www\umg_fut\system\Database\BaseConnection.php(620): CodeIgniter\Database\BaseConnection->simpleQuery('UPDATE `player`...')
#3 C:\wamp64\www\umg_fut\system\Database\BaseBuilder.php(2079): CodeIgniter\Database\BaseConnection->query('UPDATE `player`...', Array, false)
#4 C:\wamp64\www\umg_fut\system\Model.php(338): CodeIgniter\Database\BaseBuilder->update()
#5 C:\wamp64\www\umg_fut\system\BaseModel.php(885): CodeIgniter\Model->doUpdate(Array, Array)
#6 C:\wamp64\www\umg_fut\system\Model.php(693): CodeIgniter\BaseModel->update(Array, Array)
#7 C:\wamp64\www\umg_fut\app\Controllers\Jugadores.php(108): CodeIgniter\Model->update('8', Array)
#8 C:\wamp64\www\umg_fut\system\CodeIgniter.php(902): App\Controllers\Jugadores->actualizarJugador()
#9 C:\wamp64\www\umg_fut\system\CodeIgniter.php(457): CodeIgniter\CodeIgniter->runController(Object(App\Controllers\Jugadores))
#10 C:\wamp64\www\umg_fut\system\CodeIgniter.php(340): CodeIgniter\CodeIgniter->handleRequest(NULL, Object(Config\Cache), false)
#11 C:\wamp64\www\umg_fut\public\index.php(67): CodeIgniter\CodeIgniter->run()
#12 {main}
ERROR - 2022-10-18 17:20:44 --> mysqli_sql_exception: Cannot add or update a child row: a foreign key constraint fails (`fut_umg`.`player`, CONSTRAINT `team_id` FOREIGN KEY (`team_id`) REFERENCES `equipo` (`team_id`) ON DELETE NO ACTION ON UPDATE NO ACTION) in C:\wamp64\www\umg_fut\system\Database\MySQLi\Connection.php:292
Stack trace:
#0 C:\wamp64\www\umg_fut\system\Database\MySQLi\Connection.php(292): mysqli->query('UPDATE `player`...', 0)
#1 C:\wamp64\www\umg_fut\system\Database\BaseConnection.php(693): CodeIgniter\Database\MySQLi\Connection->execute('UPDATE `player`...')
#2 C:\wamp64\www\umg_fut\system\Database\BaseConnection.php(620): CodeIgniter\Database\BaseConnection->simpleQuery('UPDATE `player`...')
#3 C:\wamp64\www\umg_fut\system\Database\BaseBuilder.php(2079): CodeIgniter\Database\BaseConnection->query('UPDATE `player`...', Array, false)
#4 C:\wamp64\www\umg_fut\system\Model.php(338): CodeIgniter\Database\BaseBuilder->update()
#5 C:\wamp64\www\umg_fut\system\BaseModel.php(885): CodeIgniter\Model->doUpdate(Array, Array)
#6 C:\wamp64\www\umg_fut\system\Model.php(693): CodeIgniter\BaseModel->update(Array, Array)
#7 C:\wamp64\www\umg_fut\app\Controllers\Jugadores.php(108): CodeIgniter\Model->update('8', Array)
#8 C:\wamp64\www\umg_fut\system\CodeIgniter.php(902): App\Controllers\Jugadores->actualizarJugador()
#9 C:\wamp64\www\umg_fut\system\CodeIgniter.php(457): CodeIgniter\CodeIgniter->runController(Object(App\Controllers\Jugadores))
#10 C:\wamp64\www\umg_fut\system\CodeIgniter.php(340): CodeIgniter\CodeIgniter->handleRequest(NULL, Object(Config\Cache), false)
#11 C:\wamp64\www\umg_fut\public\index.php(67): CodeIgniter\CodeIgniter->run()
#12 {main}
ERROR - 2022-10-18 17:22:52 --> mysqli_sql_exception: Cannot add or update a child row: a foreign key constraint fails (`fut_umg`.`player`, CONSTRAINT `team_id` FOREIGN KEY (`team_id`) REFERENCES `equipo` (`team_id`) ON DELETE NO ACTION ON UPDATE NO ACTION) in C:\wamp64\www\umg_fut\system\Database\MySQLi\Connection.php:292
Stack trace:
#0 C:\wamp64\www\umg_fut\system\Database\MySQLi\Connection.php(292): mysqli->query('UPDATE `player`...', 0)
#1 C:\wamp64\www\umg_fut\system\Database\BaseConnection.php(693): CodeIgniter\Database\MySQLi\Connection->execute('UPDATE `player`...')
#2 C:\wamp64\www\umg_fut\system\Database\BaseConnection.php(620): CodeIgniter\Database\BaseConnection->simpleQuery('UPDATE `player`...')
#3 C:\wamp64\www\umg_fut\system\Database\BaseBuilder.php(2079): CodeIgniter\Database\BaseConnection->query('UPDATE `player`...', Array, false)
#4 C:\wamp64\www\umg_fut\system\Model.php(338): CodeIgniter\Database\BaseBuilder->update()
#5 C:\wamp64\www\umg_fut\system\BaseModel.php(885): CodeIgniter\Model->doUpdate(Array, Array)
#6 C:\wamp64\www\umg_fut\system\Model.php(693): CodeIgniter\BaseModel->update(Array, Array)
#7 C:\wamp64\www\umg_fut\app\Controllers\Jugadores.php(108): CodeIgniter\Model->update('8', Array)
#8 C:\wamp64\www\umg_fut\system\CodeIgniter.php(902): App\Controllers\Jugadores->actualizarJugador()
#9 C:\wamp64\www\umg_fut\system\CodeIgniter.php(457): CodeIgniter\CodeIgniter->runController(Object(App\Controllers\Jugadores))
#10 C:\wamp64\www\umg_fut\system\CodeIgniter.php(340): CodeIgniter\CodeIgniter->handleRequest(NULL, Object(Config\Cache), false)
#11 C:\wamp64\www\umg_fut\public\index.php(67): CodeIgniter\CodeIgniter->run()
#12 {main}
ERROR - 2022-10-18 17:26:05 --> mysqli_sql_exception: Cannot add or update a child row: a foreign key constraint fails (`fut_umg`.`player`, CONSTRAINT `team_id` FOREIGN KEY (`team_id`) REFERENCES `equipo` (`team_id`) ON DELETE NO ACTION ON UPDATE NO ACTION) in C:\wamp64\www\umg_fut\system\Database\MySQLi\Connection.php:292
Stack trace:
#0 C:\wamp64\www\umg_fut\system\Database\MySQLi\Connection.php(292): mysqli->query('UPDATE `player`...', 0)
#1 C:\wamp64\www\umg_fut\system\Database\BaseConnection.php(693): CodeIgniter\Database\MySQLi\Connection->execute('UPDATE `player`...')
#2 C:\wamp64\www\umg_fut\system\Database\BaseConnection.php(620): CodeIgniter\Database\BaseConnection->simpleQuery('UPDATE `player`...')
#3 C:\wamp64\www\umg_fut\system\Database\BaseBuilder.php(2079): CodeIgniter\Database\BaseConnection->query('UPDATE `player`...', Array, false)
#4 C:\wamp64\www\umg_fut\system\Model.php(338): CodeIgniter\Database\BaseBuilder->update()
#5 C:\wamp64\www\umg_fut\system\BaseModel.php(885): CodeIgniter\Model->doUpdate(Array, Array)
#6 C:\wamp64\www\umg_fut\system\Model.php(693): CodeIgniter\BaseModel->update(Array, Array)
#7 C:\wamp64\www\umg_fut\app\Controllers\Jugadores.php(108): CodeIgniter\Model->update('7', Array)
#8 C:\wamp64\www\umg_fut\system\CodeIgniter.php(902): App\Controllers\Jugadores->actualizarJugador()
#9 C:\wamp64\www\umg_fut\system\CodeIgniter.php(457): CodeIgniter\CodeIgniter->runController(Object(App\Controllers\Jugadores))
#10 C:\wamp64\www\umg_fut\system\CodeIgniter.php(340): CodeIgniter\CodeIgniter->handleRequest(NULL, Object(Config\Cache), false)
#11 C:\wamp64\www\umg_fut\public\index.php(67): CodeIgniter\CodeIgniter->run()
#12 {main}
ERROR - 2022-10-18 17:27:14 --> mysqli_sql_exception: Cannot add or update a child row: a foreign key constraint fails (`fut_umg`.`player`, CONSTRAINT `team_id` FOREIGN KEY (`team_id`) REFERENCES `equipo` (`team_id`) ON DELETE NO ACTION ON UPDATE NO ACTION) in C:\wamp64\www\umg_fut\system\Database\MySQLi\Connection.php:292
Stack trace:
#0 C:\wamp64\www\umg_fut\system\Database\MySQLi\Connection.php(292): mysqli->query('UPDATE `player`...', 0)
#1 C:\wamp64\www\umg_fut\system\Database\BaseConnection.php(693): CodeIgniter\Database\MySQLi\Connection->execute('UPDATE `player`...')
#2 C:\wamp64\www\umg_fut\system\Database\BaseConnection.php(620): CodeIgniter\Database\BaseConnection->simpleQuery('UPDATE `player`...')
#3 C:\wamp64\www\umg_fut\system\Database\BaseBuilder.php(2079): CodeIgniter\Database\BaseConnection->query('UPDATE `player`...', Array, false)
#4 C:\wamp64\www\umg_fut\system\Model.php(338): CodeIgniter\Database\BaseBuilder->update()
#5 C:\wamp64\www\umg_fut\system\BaseModel.php(885): CodeIgniter\Model->doUpdate(Array, Array)
#6 C:\wamp64\www\umg_fut\system\Model.php(693): CodeIgniter\BaseModel->update(Array, Array)
#7 C:\wamp64\www\umg_fut\app\Controllers\Jugadores.php(108): CodeIgniter\Model->update('7', Array)
#8 C:\wamp64\www\umg_fut\system\CodeIgniter.php(902): App\Controllers\Jugadores->actualizarJugador()
#9 C:\wamp64\www\umg_fut\system\CodeIgniter.php(457): CodeIgniter\CodeIgniter->runController(Object(App\Controllers\Jugadores))
#10 C:\wamp64\www\umg_fut\system\CodeIgniter.php(340): CodeIgniter\CodeIgniter->handleRequest(NULL, Object(Config\Cache), false)
#11 C:\wamp64\www\umg_fut\public\index.php(67): CodeIgniter\CodeIgniter->run()
#12 {main}
ERROR - 2022-10-18 17:27:48 --> mysqli_sql_exception: Cannot add or update a child row: a foreign key constraint fails (`fut_umg`.`player`, CONSTRAINT `team_id` FOREIGN KEY (`team_id`) REFERENCES `equipo` (`team_id`) ON DELETE NO ACTION ON UPDATE NO ACTION) in C:\wamp64\www\umg_fut\system\Database\MySQLi\Connection.php:292
Stack trace:
#0 C:\wamp64\www\umg_fut\system\Database\MySQLi\Connection.php(292): mysqli->query('UPDATE `player`...', 0)
#1 C:\wamp64\www\umg_fut\system\Database\BaseConnection.php(693): CodeIgniter\Database\MySQLi\Connection->execute('UPDATE `player`...')
#2 C:\wamp64\www\umg_fut\system\Database\BaseConnection.php(620): CodeIgniter\Database\BaseConnection->simpleQuery('UPDATE `player`...')
#3 C:\wamp64\www\umg_fut\system\Database\BaseBuilder.php(2079): CodeIgniter\Database\BaseConnection->query('UPDATE `player`...', Array, false)
#4 C:\wamp64\www\umg_fut\system\Model.php(338): CodeIgniter\Database\BaseBuilder->update()
#5 C:\wamp64\www\umg_fut\system\BaseModel.php(885): CodeIgniter\Model->doUpdate(Array, Array)
#6 C:\wamp64\www\umg_fut\system\Model.php(693): CodeIgniter\BaseModel->update(Array, Array)
#7 C:\wamp64\www\umg_fut\app\Controllers\Jugadores.php(108): CodeIgniter\Model->update('7', Array)
#8 C:\wamp64\www\umg_fut\system\CodeIgniter.php(902): App\Controllers\Jugadores->actualizarJugador()
#9 C:\wamp64\www\umg_fut\system\CodeIgniter.php(457): CodeIgniter\CodeIgniter->runController(Object(App\Controllers\Jugadores))
#10 C:\wamp64\www\umg_fut\system\CodeIgniter.php(340): CodeIgniter\CodeIgniter->handleRequest(NULL, Object(Config\Cache), false)
#11 C:\wamp64\www\umg_fut\public\index.php(67): CodeIgniter\CodeIgniter->run()
#12 {main}
CRITICAL - 2022-10-18 17:29:46 --> Invalid argument supplied for foreach()
in APPPATH\Views\jugadores\editarJugador.php on line 34.
 1 APPPATH\Views\jugadores\editarJugador.php(34): CodeIgniter\Debug\Exceptions->errorHandler(2, 'Invalid argument supplied for foreach()', 'APPPATH\\Views\\jugadores\\editarJugador.php', 34, [...])
 2 SYSTEMPATH\View\View.php(213): include('APPPATH\\Views\\jugadores\\editarJugador.php')
 3 SYSTEMPATH\View\View.php(216): CodeIgniter\View\View->CodeIgniter\View\{closure}()
 4 SYSTEMPATH\Common.php(1142): CodeIgniter\View\View->render('jugadores/editarJugador', [], true)
 5 APPPATH\Controllers\Jugadores.php(89): view('jugadores/editarJugador', [...])
 6 SYSTEMPATH\CodeIgniter.php(902): App\Controllers\Jugadores->editarJugador('7')
 7 SYSTEMPATH\CodeIgniter.php(457): CodeIgniter\CodeIgniter->runController(Object(App\Controllers\Jugadores))
 8 SYSTEMPATH\CodeIgniter.php(340): CodeIgniter\CodeIgniter->handleRequest(null, Object(Config\Cache), false)
 9 FCPATH\index.php(67): CodeIgniter\CodeIgniter->run()
CRITICAL - 2022-10-18 17:31:24 --> Invalid argument supplied for foreach()
in APPPATH\Views\jugadores\editarJugador.php on line 35.
 1 APPPATH\Views\jugadores\editarJugador.php(35): CodeIgniter\Debug\Exceptions->errorHandler(2, 'Invalid argument supplied for foreach()', 'APPPATH\\Views\\jugadores\\editarJugador.php', 35, [...])
 2 SYSTEMPATH\View\View.php(213): include('APPPATH\\Views\\jugadores\\editarJugador.php')
 3 SYSTEMPATH\View\View.php(216): CodeIgniter\View\View->CodeIgniter\View\{closure}()
 4 SYSTEMPATH\Common.php(1142): CodeIgniter\View\View->render('jugadores/editarJugador', [], true)
 5 APPPATH\Controllers\Jugadores.php(89): view('jugadores/editarJugador', [...])
 6 SYSTEMPATH\CodeIgniter.php(902): App\Controllers\Jugadores->editarJugador('7')
 7 SYSTEMPATH\CodeIgniter.php(457): CodeIgniter\CodeIgniter->runController(Object(App\Controllers\Jugadores))
 8 SYSTEMPATH\CodeIgniter.php(340): CodeIgniter\CodeIgniter->handleRequest(null, Object(Config\Cache), false)
 9 FCPATH\index.php(67): CodeIgniter\CodeIgniter->run()
CRITICAL - 2022-10-18 17:31:28 --> Invalid argument supplied for foreach()
in APPPATH\Views\jugadores\editarJugador.php on line 35.
 1 APPPATH\Views\jugadores\editarJugador.php(35): CodeIgniter\Debug\Exceptions->errorHandler(2, 'Invalid argument supplied for foreach()', 'APPPATH\\Views\\jugadores\\editarJugador.php', 35, [...])
 2 SYSTEMPATH\View\View.php(213): include('APPPATH\\Views\\jugadores\\editarJugador.php')
 3 SYSTEMPATH\View\View.php(216): CodeIgniter\View\View->CodeIgniter\View\{closure}()
 4 SYSTEMPATH\Common.php(1142): CodeIgniter\View\View->render('jugadores/editarJugador', [], true)
 5 APPPATH\Controllers\Jugadores.php(89): view('jugadores/editarJugador', [...])
 6 SYSTEMPATH\CodeIgniter.php(902): App\Controllers\Jugadores->editarJugador('7')
 7 SYSTEMPATH\CodeIgniter.php(457): CodeIgniter\CodeIgniter->runController(Object(App\Controllers\Jugadores))
 8 SYSTEMPATH\CodeIgniter.php(340): CodeIgniter\CodeIgniter->handleRequest(null, Object(Config\Cache), false)
 9 FCPATH\index.php(67): CodeIgniter\CodeIgniter->run()
CRITICAL - 2022-10-18 17:31:58 --> syntax error, unexpected 'endforeach' (T_ENDFOREACH), expecting end of file
in APPPATH\Views\jugadores\editarJugador.php on line 38.
 1 SYSTEMPATH\View\View.php(216): CodeIgniter\View\View->CodeIgniter\View\{closure}()
 2 SYSTEMPATH\Common.php(1142): CodeIgniter\View\View->render('jugadores/editarJugador', [], true)
 3 APPPATH\Controllers\Jugadores.php(89): view('jugadores/editarJugador', [...])
 4 SYSTEMPATH\CodeIgniter.php(902): App\Controllers\Jugadores->editarJugador('1')
 5 SYSTEMPATH\CodeIgniter.php(457): CodeIgniter\CodeIgniter->runController(Object(App\Controllers\Jugadores))
 6 SYSTEMPATH\CodeIgniter.php(340): CodeIgniter\CodeIgniter->handleRequest(null, Object(Config\Cache), false)
 7 FCPATH\index.php(67): CodeIgniter\CodeIgniter->run()
CRITICAL - 2022-10-18 17:34:21 --> Invalid argument supplied for foreach()
in APPPATH\Views\jugadores\editarJugador.php on line 34.
 1 APPPATH\Views\jugadores\editarJugador.php(34): CodeIgniter\Debug\Exceptions->errorHandler(2, 'Invalid argument supplied for foreach()', 'APPPATH\\Views\\jugadores\\editarJugador.php', 34, [...])
 2 SYSTEMPATH\View\View.php(213): include('APPPATH\\Views\\jugadores\\editarJugador.php')
 3 SYSTEMPATH\View\View.php(216): CodeIgniter\View\View->CodeIgniter\View\{closure}()
 4 SYSTEMPATH\Common.php(1142): CodeIgniter\View\View->render('jugadores/editarJugador', [], true)
 5 APPPATH\Controllers\Jugadores.php(89): view('jugadores/editarJugador', [...])
 6 SYSTEMPATH\CodeIgniter.php(902): App\Controllers\Jugadores->editarJugador('1')
 7 SYSTEMPATH\CodeIgniter.php(457): CodeIgniter\CodeIgniter->runController(Object(App\Controllers\Jugadores))
 8 SYSTEMPATH\CodeIgniter.php(340): CodeIgniter\CodeIgniter->handleRequest(null, Object(Config\Cache), false)
 9 FCPATH\index.php(67): CodeIgniter\CodeIgniter->run()
ERROR - 2022-10-18 17:36:37 --> mysqli_sql_exception: Cannot add or update a child row: a foreign key constraint fails (`fut_umg`.`player`, CONSTRAINT `team_id` FOREIGN KEY (`team_id`) REFERENCES `equipo` (`team_id`) ON DELETE NO ACTION ON UPDATE NO ACTION) in C:\wamp64\www\umg_fut\system\Database\MySQLi\Connection.php:292
Stack trace:
#0 C:\wamp64\www\umg_fut\system\Database\MySQLi\Connection.php(292): mysqli->query('UPDATE `player`...', 0)
#1 C:\wamp64\www\umg_fut\system\Database\BaseConnection.php(693): CodeIgniter\Database\MySQLi\Connection->execute('UPDATE `player`...')
#2 C:\wamp64\www\umg_fut\system\Database\BaseConnection.php(620): CodeIgniter\Database\BaseConnection->simpleQuery('UPDATE `player`...')
#3 C:\wamp64\www\umg_fut\system\Database\BaseBuilder.php(2079): CodeIgniter\Database\BaseConnection->query('UPDATE `player`...', Array, false)
#4 C:\wamp64\www\umg_fut\system\Model.php(338): CodeIgniter\Database\BaseBuilder->update()
#5 C:\wamp64\www\umg_fut\system\BaseModel.php(885): CodeIgniter\Model->doUpdate(Array, Array)
#6 C:\wamp64\www\umg_fut\system\Model.php(693): CodeIgniter\BaseModel->update(Array, Array)
#7 C:\wamp64\www\umg_fut\app\Controllers\Jugadores.php(109): CodeIgniter\Model->update('8', Array)
#8 C:\wamp64\www\umg_fut\system\CodeIgniter.php(902): App\Controllers\Jugadores->actualizarJugador()
#9 C:\wamp64\www\umg_fut\system\CodeIgniter.php(457): CodeIgniter\CodeIgniter->runController(Object(App\Controllers\Jugadores))
#10 C:\wamp64\www\umg_fut\system\CodeIgniter.php(340): CodeIgniter\CodeIgniter->handleRequest(NULL, Object(Config\Cache), false)
#11 C:\wamp64\www\umg_fut\public\index.php(67): CodeIgniter\CodeIgniter->run()
#12 {main}
CRITICAL - 2022-10-18 18:01:32 --> syntax error, unexpected '?', expecting end of file
in APPPATH\Views\jugadores\crearJugador.php on line 14.
 1 SYSTEMPATH\View\View.php(216): CodeIgniter\View\View->CodeIgniter\View\{closure}()
 2 SYSTEMPATH\Common.php(1142): CodeIgniter\View\View->render('jugadores/crearJugador', [], true)
 3 APPPATH\Controllers\Jugadores.php(23): view('jugadores/crearJugador', [...])
 4 SYSTEMPATH\CodeIgniter.php(902): App\Controllers\Jugadores->crearJugador()
 5 SYSTEMPATH\CodeIgniter.php(457): CodeIgniter\CodeIgniter->runController(Object(App\Controllers\Jugadores))
 6 SYSTEMPATH\CodeIgniter.php(340): CodeIgniter\CodeIgniter->handleRequest(null, Object(Config\Cache), false)
 7 FCPATH\index.php(67): CodeIgniter\CodeIgniter->run()
CRITICAL - 2022-10-18 20:58:03 --> Invalid file: goles/crearEquipo.php
in SYSTEMPATH\Exceptions\FrameworkException.php on line 33.
 1 SYSTEMPATH\View\View.php(201): CodeIgniter\Exceptions\FrameworkException::forInvalidFile('goles/crearEquipo.php')
 2 SYSTEMPATH\Common.php(1142): CodeIgniter\View\View->render('goles/crearEquipo', [], true)
 3 APPPATH\Controllers\Goles.php(21): view('goles/crearEquipo', [...])
 4 SYSTEMPATH\CodeIgniter.php(902): App\Controllers\Goles->crearGol()
 5 SYSTEMPATH\CodeIgniter.php(457): CodeIgniter\CodeIgniter->runController(Object(App\Controllers\Goles))
 6 SYSTEMPATH\CodeIgniter.php(340): CodeIgniter\CodeIgniter->handleRequest(null, Object(Config\Cache), false)
 7 FCPATH\index.php(67): CodeIgniter\CodeIgniter->run()
CRITICAL - 2022-10-18 20:58:45 --> Invalid file: gol/crearEquipo.php
in SYSTEMPATH\Exceptions\FrameworkException.php on line 33.
 1 SYSTEMPATH\View\View.php(201): CodeIgniter\Exceptions\FrameworkException::forInvalidFile('gol/crearEquipo.php')
 2 SYSTEMPATH\Common.php(1142): CodeIgniter\View\View->render('gol/crearEquipo', [], true)
 3 APPPATH\Controllers\Goles.php(21): view('gol/crearEquipo', [...])
 4 SYSTEMPATH\CodeIgniter.php(902): App\Controllers\Goles->crearGol()
 5 SYSTEMPATH\CodeIgniter.php(457): CodeIgniter\CodeIgniter->runController(Object(App\Controllers\Goles))
 6 SYSTEMPATH\CodeIgniter.php(340): CodeIgniter\CodeIgniter->handleRequest(null, Object(Config\Cache), false)
 7 FCPATH\index.php(67): CodeIgniter\CodeIgniter->run()
CRITICAL - 2022-10-18 20:58:55 --> Invalid file: goles/crearEquipo.php
in SYSTEMPATH\Exceptions\FrameworkException.php on line 33.
 1 SYSTEMPATH\View\View.php(201): CodeIgniter\Exceptions\FrameworkException::forInvalidFile('goles/crearEquipo.php')
 2 SYSTEMPATH\Common.php(1142): CodeIgniter\View\View->render('goles/crearEquipo', [], true)
 3 APPPATH\Controllers\Goles.php(21): view('goles/crearEquipo', [...])
 4 SYSTEMPATH\CodeIgniter.php(902): App\Controllers\Goles->crearGol()
 5 SYSTEMPATH\CodeIgniter.php(457): CodeIgniter\CodeIgniter->runController(Object(App\Controllers\Goles))
 6 SYSTEMPATH\CodeIgniter.php(340): CodeIgniter\CodeIgniter->handleRequest(null, Object(Config\Cache), false)
 7 FCPATH\index.php(67): CodeIgniter\CodeIgniter->run()
CRITICAL - 2022-10-18 21:30:24 --> Class 'App\Controllers\Equipo' not found
in APPPATH\Controllers\Goles.php on line 19.
 1 SYSTEMPATH\CodeIgniter.php(902): App\Controllers\Goles->crearGol()
 2 SYSTEMPATH\CodeIgniter.php(457): CodeIgniter\CodeIgniter->runController(Object(App\Controllers\Goles))
 3 SYSTEMPATH\CodeIgniter.php(340): CodeIgniter\CodeIgniter->handleRequest(null, Object(Config\Cache), false)
 4 FCPATH\index.php(67): CodeIgniter\CodeIgniter->run()
CRITICAL - 2022-10-18 21:30:51 --> Class 'App\Controllers\Equipo' not found
in APPPATH\Controllers\Goles.php on line 20.
 1 SYSTEMPATH\CodeIgniter.php(902): App\Controllers\Goles->crearGol()
 2 SYSTEMPATH\CodeIgniter.php(457): CodeIgniter\CodeIgniter->runController(Object(App\Controllers\Goles))
 3 SYSTEMPATH\CodeIgniter.php(340): CodeIgniter\CodeIgniter->handleRequest(null, Object(Config\Cache), false)
 4 FCPATH\index.php(67): CodeIgniter\CodeIgniter->run()
ERROR - 2022-10-18 21:32:07 --> mysqli_sql_exception: Unknown column 'plyer_id' in 'order clause' in C:\wamp64\www\umg_fut\system\Database\MySQLi\Connection.php:292
Stack trace:
#0 C:\wamp64\www\umg_fut\system\Database\MySQLi\Connection.php(292): mysqli->query('SELECT *\nFROM `...', 0)
#1 C:\wamp64\www\umg_fut\system\Database\BaseConnection.php(693): CodeIgniter\Database\MySQLi\Connection->execute('SELECT *\nFROM `...')
#2 C:\wamp64\www\umg_fut\system\Database\BaseConnection.php(620): CodeIgniter\Database\BaseConnection->simpleQuery('SELECT *\nFROM `...')
#3 C:\wamp64\www\umg_fut\system\Database\BaseBuilder.php(1585): CodeIgniter\Database\BaseConnection->query('SELECT *\nFROM `...', Array, false)
#4 C:\wamp64\www\umg_fut\system\Model.php(223): CodeIgniter\Database\BaseBuilder->get()
#5 C:\wamp64\www\umg_fut\system\BaseModel.php(584): CodeIgniter\Model->doFindAll(0, 0)
#6 C:\wamp64\www\umg_fut\app\Controllers\Goles.php(21): CodeIgniter\BaseModel->findAll()
#7 C:\wamp64\www\umg_fut\system\CodeIgniter.php(902): App\Controllers\Goles->crearGol()
#8 C:\wamp64\www\umg_fut\system\CodeIgniter.php(457): CodeIgniter\CodeIgniter->runController(Object(App\Controllers\Goles))
#9 C:\wamp64\www\umg_fut\system\CodeIgniter.php(340): CodeIgniter\CodeIgniter->handleRequest(NULL, Object(Config\Cache), false)
#10 C:\wamp64\www\umg_fut\public\index.php(67): CodeIgniter\CodeIgniter->run()
#11 {main}
CRITICAL - 2022-10-18 21:32:07 --> Call to a member function getResult() on bool
in SYSTEMPATH\Model.php on line 224.
 1 SYSTEMPATH\BaseModel.php(584): CodeIgniter\Model->doFindAll(0, 0)
 2 APPPATH\Controllers\Goles.php(21): CodeIgniter\BaseModel->findAll()
 3 SYSTEMPATH\CodeIgniter.php(902): App\Controllers\Goles->crearGol()
 4 SYSTEMPATH\CodeIgniter.php(457): CodeIgniter\CodeIgniter->runController(Object(App\Controllers\Goles))
 5 SYSTEMPATH\CodeIgniter.php(340): CodeIgniter\CodeIgniter->handleRequest(null, Object(Config\Cache), false)
 6 FCPATH\index.php(67): CodeIgniter\CodeIgniter->run()
