CRITICAL - 2022-10-17 08:19:23 --> Invalid argument supplied for foreach()
in APPPATH\Views\equipos\listarEquipos.php on line 17.
 1 APPPATH\Views\equipos\listarEquipos.php(17): CodeIgniter\Debug\Exceptions->errorHandler(2, 'Invalid argument supplied for foreach()', 'APPPATH\\Views\\equipos\\listarEquipos.php', 17, [])
 2 SYSTEMPATH\View\View.php(213): include('APPPATH\\Views\\equipos\\listarEquipos.php')
 3 SYSTEMPATH\View\View.php(216): CodeIgniter\View\View->CodeIgniter\View\{closure}()
 4 SYSTEMPATH\Common.php(1142): CodeIgniter\View\View->render('equipos/listarEquipos', [], true)
 5 APPPATH\Controllers\Home.php(9): view('equipos/listarEquipos')
 6 SYSTEMPATH\CodeIgniter.php(902): App\Controllers\Home->index()
 7 SYSTEMPATH\CodeIgniter.php(457): CodeIgniter\CodeIgniter->runController(Object(App\Controllers\Home))
 8 SYSTEMPATH\CodeIgniter.php(340): CodeIgniter\CodeIgniter->handleRequest(null, Object(Config\Cache), false)
 9 FCPATH\index.php(67): CodeIgniter\CodeIgniter->run()
CRITICAL - 2022-10-17 08:19:26 --> Invalid argument supplied for foreach()
in APPPATH\Views\equipos\listarEquipos.php on line 17.
 1 APPPATH\Views\equipos\listarEquipos.php(17): CodeIgniter\Debug\Exceptions->errorHandler(2, 'Invalid argument supplied for foreach()', 'APPPATH\\Views\\equipos\\listarEquipos.php', 17, [])
 2 SYSTEMPATH\View\View.php(213): include('APPPATH\\Views\\equipos\\listarEquipos.php')
 3 SYSTEMPATH\View\View.php(216): CodeIgniter\View\View->CodeIgniter\View\{closure}()
 4 SYSTEMPATH\Common.php(1142): CodeIgniter\View\View->render('equipos/listarEquipos', [], true)
 5 APPPATH\Controllers\Home.php(9): view('equipos/listarEquipos')
 6 SYSTEMPATH\CodeIgniter.php(902): App\Controllers\Home->index()
 7 SYSTEMPATH\CodeIgniter.php(457): CodeIgniter\CodeIgniter->runController(Object(App\Controllers\Home))
 8 SYSTEMPATH\CodeIgniter.php(340): CodeIgniter\CodeIgniter->handleRequest(null, Object(Config\Cache), false)
 9 FCPATH\index.php(67): CodeIgniter\CodeIgniter->run()
CRITICAL - 2022-10-17 09:19:43 --> Class name must be a valid object or a string
in APPPATH\Controllers\Equipos.php on line 26.
 1 SYSTEMPATH\CodeIgniter.php(902): App\Controllers\Equipos->guardar()
 2 SYSTEMPATH\CodeIgniter.php(457): CodeIgniter\CodeIgniter->runController(Object(App\Controllers\Equipos))
 3 SYSTEMPATH\CodeIgniter.php(340): CodeIgniter\CodeIgniter->handleRequest(null, Object(Config\Cache), false)
 4 FCPATH\index.php(67): CodeIgniter\CodeIgniter->run()
CRITICAL - 2022-10-17 09:40:02 --> syntax error, unexpected ','
in APPPATH\Controllers\Equipos.php on line 33.
 1 SYSTEMPATH\Autoloader\Autoloader.php(259): CodeIgniter\Autoloader\Autoloader->includeFile('APPPATH\\Controllers\\Equipos.php')
 2 SYSTEMPATH\Autoloader\Autoloader.php(237): CodeIgniter\Autoloader\Autoloader->loadInNamespace('App\\Controllers\\Equipos')
 3 [internal function]: CodeIgniter\Autoloader\Autoloader->loadClass('App\\Controllers\\Equipos')
 4 [internal function]: spl_autoload_call('App\\Controllers\\Equipos')
 5 SYSTEMPATH\CodeIgniter.php(852): class_exists('\\App\\Controllers\\Equipos', true)
 6 SYSTEMPATH\CodeIgniter.php(444): CodeIgniter\CodeIgniter->startController()
 7 SYSTEMPATH\CodeIgniter.php(340): CodeIgniter\CodeIgniter->handleRequest(null, Object(Config\Cache), false)
 8 FCPATH\index.php(67): CodeIgniter\CodeIgniter->run()
ERROR - 2022-10-17 09:51:17 --> mysqli_sql_exception: Table 'fut_umg.equipso' doesn't exist in C:\wamp64\www\umg_fut\system\Database\MySQLi\Connection.php:292
Stack trace:
#0 C:\wamp64\www\umg_fut\system\Database\MySQLi\Connection.php(292): mysqli->query('SELECT *\nFROM `...', 0)
#1 C:\wamp64\www\umg_fut\system\Database\BaseConnection.php(693): CodeIgniter\Database\MySQLi\Connection->execute('SELECT *\nFROM `...')
#2 C:\wamp64\www\umg_fut\system\Database\BaseConnection.php(620): CodeIgniter\Database\BaseConnection->simpleQuery('SELECT *\nFROM `...')
#3 C:\wamp64\www\umg_fut\system\Database\BaseBuilder.php(1585): CodeIgniter\Database\BaseConnection->query('SELECT *\nFROM `...', Array, false)
#4 C:\wamp64\www\umg_fut\system\Model.php(223): CodeIgniter\Database\BaseBuilder->get()
#5 C:\wamp64\www\umg_fut\system\BaseModel.php(584): CodeIgniter\Model->doFindAll(0, 0)
#6 C:\wamp64\www\umg_fut\app\Controllers\Equipos.php(11): CodeIgniter\BaseModel->findAll()
#7 C:\wamp64\www\umg_fut\system\CodeIgniter.php(902): App\Controllers\Equipos->index()
#8 C:\wamp64\www\umg_fut\system\CodeIgniter.php(457): CodeIgniter\CodeIgniter->runController(Object(App\Controllers\Equipos))
#9 C:\wamp64\www\umg_fut\system\CodeIgniter.php(340): CodeIgniter\CodeIgniter->handleRequest(NULL, Object(Config\Cache), false)
#10 C:\wamp64\www\umg_fut\public\index.php(67): CodeIgniter\CodeIgniter->run()
#11 {main}
CRITICAL - 2022-10-17 09:51:17 --> Call to a member function getResult() on bool
in SYSTEMPATH\Model.php on line 224.
 1 SYSTEMPATH\BaseModel.php(584): CodeIgniter\Model->doFindAll(0, 0)
 2 APPPATH\Controllers\Equipos.php(11): CodeIgniter\BaseModel->findAll()
 3 SYSTEMPATH\CodeIgniter.php(902): App\Controllers\Equipos->index()
 4 SYSTEMPATH\CodeIgniter.php(457): CodeIgniter\CodeIgniter->runController(Object(App\Controllers\Equipos))
 5 SYSTEMPATH\CodeIgniter.php(340): CodeIgniter\CodeIgniter->handleRequest(null, Object(Config\Cache), false)
 6 FCPATH\index.php(67): CodeIgniter\CodeIgniter->run()
CRITICAL - 2022-10-17 22:28:58 --> Invalid argument supplied for foreach()
in APPPATH\Views\equipos\listarEquipos.php on line 17.
 1 APPPATH\Views\equipos\listarEquipos.php(17): CodeIgniter\Debug\Exceptions->errorHandler(2, 'Invalid argument supplied for foreach()', 'APPPATH\\Views\\equipos\\listarEquipos.php', 17, [])
 2 SYSTEMPATH\View\View.php(213): include('APPPATH\\Views\\equipos\\listarEquipos.php')
 3 SYSTEMPATH\View\View.php(216): CodeIgniter\View\View->CodeIgniter\View\{closure}()
 4 SYSTEMPATH\Common.php(1142): CodeIgniter\View\View->render('equipos/listarEquipos', [], true)
 5 APPPATH\Controllers\Home.php(9): view('equipos/listarEquipos')
 6 SYSTEMPATH\CodeIgniter.php(902): App\Controllers\Home->index()
 7 SYSTEMPATH\CodeIgniter.php(457): CodeIgniter\CodeIgniter->runController(Object(App\Controllers\Home))
 8 SYSTEMPATH\CodeIgniter.php(340): CodeIgniter\CodeIgniter->handleRequest(null, Object(Config\Cache), false)
 9 FCPATH\index.php(67): CodeIgniter\CodeIgniter->run()
CRITICAL - 2022-10-17 22:50:41 --> syntax error, unexpected '}', expecting ';' or ','
in APPPATH\Controllers\Equipos.php on line 56.
 1 SYSTEMPATH\Autoloader\Autoloader.php(259): CodeIgniter\Autoloader\Autoloader->includeFile('APPPATH\\Controllers\\Equipos.php')
 2 SYSTEMPATH\Autoloader\Autoloader.php(237): CodeIgniter\Autoloader\Autoloader->loadInNamespace('App\\Controllers\\Equipos')
 3 [internal function]: CodeIgniter\Autoloader\Autoloader->loadClass('App\\Controllers\\Equipos')
 4 [internal function]: spl_autoload_call('App\\Controllers\\Equipos')
 5 SYSTEMPATH\CodeIgniter.php(852): class_exists('\\App\\Controllers\\Equipos', true)
 6 SYSTEMPATH\CodeIgniter.php(444): CodeIgniter\CodeIgniter->startController()
 7 SYSTEMPATH\CodeIgniter.php(340): CodeIgniter\CodeIgniter->handleRequest(null, Object(Config\Cache), false)
 8 FCPATH\index.php(67): CodeIgniter\CodeIgniter->run()
CRITICAL - 2022-10-17 22:58:07 --> Call to a member function where() on null
in APPPATH\Controllers\Equipos.php on line 56.
 1 SYSTEMPATH\CodeIgniter.php(902): App\Controllers\Equipos->borrarEquipos('5')
 2 SYSTEMPATH\CodeIgniter.php(457): CodeIgniter\CodeIgniter->runController(Object(App\Controllers\Equipos))
 3 SYSTEMPATH\CodeIgniter.php(340): CodeIgniter\CodeIgniter->handleRequest(null, Object(Config\Cache), false)
 4 FCPATH\index.php(67): CodeIgniter\CodeIgniter->run()
CRITICAL - 2022-10-17 22:58:57 --> Call to a member function where() on null
in APPPATH\Controllers\Equipos.php on line 60.
 1 SYSTEMPATH\CodeIgniter.php(902): App\Controllers\Equipos->borrarEquipos('5')
 2 SYSTEMPATH\CodeIgniter.php(457): CodeIgniter\CodeIgniter->runController(Object(App\Controllers\Equipos))
 3 SYSTEMPATH\CodeIgniter.php(340): CodeIgniter\CodeIgniter->handleRequest(null, Object(Config\Cache), false)
 4 FCPATH\index.php(67): CodeIgniter\CodeIgniter->run()
CRITICAL - 2022-10-17 22:59:12 --> unlink(../public/uploads/1666064103_8e45bceed58afabd79c0.jpg): No such file or directory
in APPPATH\Controllers\Equipos.php on line 58.
 1 [internal function]: CodeIgniter\Debug\Exceptions->errorHandler(2, 'unlink(../public/uploads/1666064103_8e45bceed58afabd79c0.jpg): No such file or directory', 'APPPATH\\Controllers\\Equipos.php', 58, [...])
 2 APPPATH\Controllers\Equipos.php(58): unlink('../public/uploads/1666064103_8e45bceed58afabd79c0.jpg')
 3 SYSTEMPATH\CodeIgniter.php(902): App\Controllers\Equipos->borrarEquipos('5')
 4 SYSTEMPATH\CodeIgniter.php(457): CodeIgniter\CodeIgniter->runController(Object(App\Controllers\Equipos))
 5 SYSTEMPATH\CodeIgniter.php(340): CodeIgniter\CodeIgniter->handleRequest(null, Object(Config\Cache), false)
 6 FCPATH\index.php(67): CodeIgniter\CodeIgniter->run()
CRITICAL - 2022-10-17 22:59:50 --> unlink(./public/uploads/1666064103_8e45bceed58afabd79c0.jpg): No such file or directory
in APPPATH\Controllers\Equipos.php on line 58.
 1 [internal function]: CodeIgniter\Debug\Exceptions->errorHandler(2, 'unlink(./public/uploads/1666064103_8e45bceed58afabd79c0.jpg): No such file or directory', 'APPPATH\\Controllers\\Equipos.php', 58, [...])
 2 APPPATH\Controllers\Equipos.php(58): unlink('./public/uploads/1666064103_8e45bceed58afabd79c0.jpg')
 3 SYSTEMPATH\CodeIgniter.php(902): App\Controllers\Equipos->borrarEquipos('5')
 4 SYSTEMPATH\CodeIgniter.php(457): CodeIgniter\CodeIgniter->runController(Object(App\Controllers\Equipos))
 5 SYSTEMPATH\CodeIgniter.php(340): CodeIgniter\CodeIgniter->handleRequest(null, Object(Config\Cache), false)
 6 FCPATH\index.php(67): CodeIgniter\CodeIgniter->run()
CRITICAL - 2022-10-17 22:59:54 --> unlink(/public/uploads/1666064103_8e45bceed58afabd79c0.jpg): No such file or directory
in APPPATH\Controllers\Equipos.php on line 58.
 1 [internal function]: CodeIgniter\Debug\Exceptions->errorHandler(2, 'unlink(/public/uploads/1666064103_8e45bceed58afabd79c0.jpg): No such file or directory', 'APPPATH\\Controllers\\Equipos.php', 58, [...])
 2 APPPATH\Controllers\Equipos.php(58): unlink('/public/uploads/1666064103_8e45bceed58afabd79c0.jpg')
 3 SYSTEMPATH\CodeIgniter.php(902): App\Controllers\Equipos->borrarEquipos('5')
 4 SYSTEMPATH\CodeIgniter.php(457): CodeIgniter\CodeIgniter->runController(Object(App\Controllers\Equipos))
 5 SYSTEMPATH\CodeIgniter.php(340): CodeIgniter\CodeIgniter->handleRequest(null, Object(Config\Cache), false)
 6 FCPATH\index.php(67): CodeIgniter\CodeIgniter->run()
CRITICAL - 2022-10-17 22:59:58 --> unlink(public/uploads/1666064103_8e45bceed58afabd79c0.jpg): No such file or directory
in APPPATH\Controllers\Equipos.php on line 58.
 1 [internal function]: CodeIgniter\Debug\Exceptions->errorHandler(2, 'unlink(public/uploads/1666064103_8e45bceed58afabd79c0.jpg): No such file or directory', 'APPPATH\\Controllers\\Equipos.php', 58, [...])
 2 APPPATH\Controllers\Equipos.php(58): unlink('public/uploads/1666064103_8e45bceed58afabd79c0.jpg')
 3 SYSTEMPATH\CodeIgniter.php(902): App\Controllers\Equipos->borrarEquipos('5')
 4 SYSTEMPATH\CodeIgniter.php(457): CodeIgniter\CodeIgniter->runController(Object(App\Controllers\Equipos))
 5 SYSTEMPATH\CodeIgniter.php(340): CodeIgniter\CodeIgniter->handleRequest(null, Object(Config\Cache), false)
 6 FCPATH\index.php(67): CodeIgniter\CodeIgniter->run()
CRITICAL - 2022-10-17 23:00:04 --> unlink(../public/uploads/1666064103_8e45bceed58afabd79c0.jpg): No such file or directory
in APPPATH\Controllers\Equipos.php on line 58.
 1 [internal function]: CodeIgniter\Debug\Exceptions->errorHandler(2, 'unlink(../public/uploads/1666064103_8e45bceed58afabd79c0.jpg): No such file or directory', 'APPPATH\\Controllers\\Equipos.php', 58, [...])
 2 APPPATH\Controllers\Equipos.php(58): unlink('../public/uploads/1666064103_8e45bceed58afabd79c0.jpg')
 3 SYSTEMPATH\CodeIgniter.php(902): App\Controllers\Equipos->borrarEquipos('5')
 4 SYSTEMPATH\CodeIgniter.php(457): CodeIgniter\CodeIgniter->runController(Object(App\Controllers\Equipos))
 5 SYSTEMPATH\CodeIgniter.php(340): CodeIgniter\CodeIgniter->handleRequest(null, Object(Config\Cache), false)
 6 FCPATH\index.php(67): CodeIgniter\CodeIgniter->run()
CRITICAL - 2022-10-17 23:07:27 --> unlink(../public/uploads/1666064103_8e45bceed58afabd79c0.jpg): No such file or directory
in APPPATH\Controllers\Equipos.php on line 58.
 1 [internal function]: CodeIgniter\Debug\Exceptions->errorHandler(2, 'unlink(../public/uploads/1666064103_8e45bceed58afabd79c0.jpg): No such file or directory', 'APPPATH\\Controllers\\Equipos.php', 58, [...])
 2 APPPATH\Controllers\Equipos.php(58): unlink('../public/uploads/1666064103_8e45bceed58afabd79c0.jpg')
 3 SYSTEMPATH\CodeIgniter.php(902): App\Controllers\Equipos->borrarEquipos('5')
 4 SYSTEMPATH\CodeIgniter.php(457): CodeIgniter\CodeIgniter->runController(Object(App\Controllers\Equipos))
 5 SYSTEMPATH\CodeIgniter.php(340): CodeIgniter\CodeIgniter->handleRequest(null, Object(Config\Cache), false)
 6 FCPATH\index.php(67): CodeIgniter\CodeIgniter->run()
CRITICAL - 2022-10-17 23:07:30 --> unlink(../public/uploads/Real.jpg): No such file or directory
in APPPATH\Controllers\Equipos.php on line 58.
 1 [internal function]: CodeIgniter\Debug\Exceptions->errorHandler(2, 'unlink(../public/uploads/Real.jpg): No such file or directory', 'APPPATH\\Controllers\\Equipos.php', 58, [...])
 2 APPPATH\Controllers\Equipos.php(58): unlink('../public/uploads/Real.jpg')
 3 SYSTEMPATH\CodeIgniter.php(902): App\Controllers\Equipos->borrarEquipos('4')
 4 SYSTEMPATH\CodeIgniter.php(457): CodeIgniter\CodeIgniter->runController(Object(App\Controllers\Equipos))
 5 SYSTEMPATH\CodeIgniter.php(340): CodeIgniter\CodeIgniter->handleRequest(null, Object(Config\Cache), false)
 6 FCPATH\index.php(67): CodeIgniter\CodeIgniter->run()
